' Log report : 11:00:49.454840 - 04 Mar 2024
' Filename   : /mnt/c/Users/ygarnier/open_pnr_validation/Epic_DATALMP_11405_Additional_OpenPNR_fields_for_Order_Codeshare/Epic_DATALMP_11405_Additional_OpenPNR_fields_for_Order_Codeshare/Scripts/Automated_processes/TKXL_out.cry
'----------------------------------------------------------------------

''Initialize:
import json
from lib.openpnr import extract_binary_payload
from lib.json_match import assert_equal, assert_found, assert_not_found, parse_json

execfile(global_regression.TTS_RootDir + '/data/data_' + global_regression.TEST_SYSTEM + '.py')

TTS_OK = TTServer.currentMessage.TTS_MATCH_COMPARISON_OK
TTS_KO = TTServer.currentMessage.TTS_MATCH_COMPARISON_FAILURE

# As the specific conditions to evaluate depend on the test, the comparison function is in the individual script
# In case of match error, find the error details in TTS logs (not available in .log or in .rex file)
# Variables defined in data files (e.g., test user data) or in the current scripts (e.g., recloc)
# are directly available from inside the function.
def validate_openpnr(openpnr_json):
    try:
        openpnr = parse_json(openpnr_json)
        for field in ['id', 'reference', 'creation', 'travelers', 'products', 'contacts']:
            assert_found(field, container=openpnr)

        expected_openpnr_id = recloc + '-' + today
        assert_equal(actual=openpnr['id'], expected=expected_openpnr_id, item_name='OpenPNR id field')
        assert_not_found('creation/date', container=openpnr)
        assert_found('creation/dateTime', container=openpnr)
        assert_found('creation/pointOfSale/office/id', container=openpnr)
        assert_equal(expected=test_user_1A_extended_office, actual=openpnr['creation']['pointOfSale']['office']['id'], item_name='creator office')

        assert_equal(actual=len(openpnr['keywords']), expected=1, item_name='number of keywords')
        keywords_1 = openpnr['keywords'][0]
        #Check service data for OSI element
        assert_equal(actual=keywords_1['type'], expected='SERVICE', item_name='keyword subType')
        assert_equal(actual=keywords_1['code'], expected='VIP', item_name='keyword code')
        assert_equal(actual=keywords_1['subType'], expected='OTHER_SERVICE_INFORMATION', item_name='keyword subType')
        assert_equal(actual=keywords_1['serviceProvider']['code'], expected='6X', item_name='keyword/serviceProvider code')
        assert_equal(actual=keywords_1['text'], expected='VIP PRINCE', item_name='keyword free text')

    except Exception as e:
        print('OpenPNR validation failed: {}'.format(e))
        return TTS_KO

    print('OpenPNR validation successful')
    return TTS_OK

''End
''Conversation: cry

'**********************************************************************
' Sent at      11:00:49.463846 - 04 Mar 2024
' Filename     /mnt/c/Users/ygarnier/open_pnr_validation/Epic_DATALMP_11405_Additional_OpenPNR_fields_for_Order_Codeshare/Epic_DATALMP_11405_Additional_OpenPNR_fields_for_Order_Codeshare/Scripts/Automated_processes/TKXL_out.cry
' Message      1 -  . 
' Size         2 bytes
' Reply needed yes
'----------------------------------------------------------------------
IG

'**********************************************************************
' Received at  11:00:49.535433 - 04 Mar 2024
' Filename     /mnt/c/Users/ygarnier/open_pnr_validation/Epic_DATALMP_11405_Additional_OpenPNR_fields_for_Order_Codeshare/Epic_DATALMP_11405_Additional_OpenPNR_fields_for_Order_Codeshare/Scripts/Automated_processes/TKXL_out.cry
' Match        N/A
' Message      1 -  . 
' Size         9 bytes
'----------------------------------------------------------------------
''Response:
''SIGN IN&
''>
''End of response

'**********************************************************************
' Sent at      11:00:49.538196 - 04 Mar 2024
' Filename     /mnt/c/Users/ygarnier/open_pnr_validation/Epic_DATALMP_11405_Additional_OpenPNR_fields_for_Order_Codeshare/Epic_DATALMP_11405_Additional_OpenPNR_fields_for_Order_Codeshare/Scripts/Automated_processes/TKXL_out.cry
' Message      2 -  . 
' Size         2 bytes
' Reply needed yes
'----------------------------------------------------------------------
JO

'**********************************************************************
' Received at  11:00:49.636674 - 04 Mar 2024
' Filename     /mnt/c/Users/ygarnier/open_pnr_validation/Epic_DATALMP_11405_Additional_OpenPNR_fields_for_Order_Codeshare/Epic_DATALMP_11405_Additional_OpenPNR_fields_for_Order_Codeshare/Scripts/Automated_processes/TKXL_out.cry
' Match        N/A
' Message      2 -  . 
' Size         9 bytes
'----------------------------------------------------------------------
''Response:
''SIGN IN&
''>
''End of response

'**********************************************************************
' Sent at      11:00:49.638100 - 04 Mar 2024
' Filename     /mnt/c/Users/ygarnier/open_pnr_validation/Epic_DATALMP_11405_Additional_OpenPNR_fields_for_Order_Codeshare/Epic_DATALMP_11405_Additional_OpenPNR_fields_for_Order_Codeshare/Scripts/Automated_processes/TKXL_out.cry
' Message      3 -  . 
' Size         2 bytes
' Reply needed yes
'----------------------------------------------------------------------
JD

'**********************************************************************
' Received at  11:00:49.748530 - 04 Mar 2024
' Filename     /mnt/c/Users/ygarnier/open_pnr_validation/Epic_DATALMP_11405_Additional_OpenPNR_fields_for_Order_Codeshare/Epic_DATALMP_11405_Additional_OpenPNR_fields_for_Order_Codeshare/Scripts/Automated_processes/TKXL_out.cry
' Match        N/A
' Message      3 -  . 
' Size         387 bytes
'----------------------------------------------------------------------
''Response:
''&
''********         NCE1A0955&
''&
''AREA  TM  MOD SG/DT.LG TIME      ACT.Q   STATUS     NAME&
''A                       24             NOT SIGNED&
''B                                      NOT SIGNED&
''C                                      NOT SIGNED&
''D                                      NOT SIGNED&
''E                                      NOT SIGNED&
''F                                      NOT SIGNED&
''>
''End of response

'> 1. Sign in with test_user_1A_sign in office test_user_1A_office
'**********************************************************************
' Sent at      11:00:49.749234 - 04 Mar 2024
' Filename     /mnt/c/Users/ygarnier/open_pnr_validation/Epic_DATALMP_11405_Additional_OpenPNR_fields_for_Order_Codeshare/Epic_DATALMP_11405_Additional_OpenPNR_fields_for_Order_Codeshare/Scripts/Automated_processes/TKXL_out.cry
' Message      4 -  . 
' Size         16 bytes
' Reply needed yes
'----------------------------------------------------------------------
OK-WE/L-********

'**********************************************************************
' Received at  11:00:49.838838 - 04 Mar 2024
' Filename     /mnt/c/Users/ygarnier/open_pnr_validation/Epic_DATALMP_11405_Additional_OpenPNR_fields_for_Order_Codeshare/Epic_DATALMP_11405_Additional_OpenPNR_fields_for_Order_Codeshare/Scripts/Automated_processes/TKXL_out.cry
' Match        N/A
' Message      4 -  . 
' Size         85 bytes
'----------------------------------------------------------------------
''Response:
''  NETWORK 09 SUB-SYS FE DELETION LIST&
''     CC2B44    DELETED OK&
''  DELETION FINISHED&
''>
''End of response

''WAIT:2
'**********************************************************************
' Sent at      11:00:51.847426 - 04 Mar 2024
' Filename     /mnt/c/Users/ygarnier/open_pnr_validation/Epic_DATALMP_11405_Additional_OpenPNR_fields_for_Order_Codeshare/Epic_DATALMP_11405_Additional_OpenPNR_fields_for_Order_Codeshare/Scripts/Automated_processes/TKXL_out.cry
' Message      5 -  . 
' Size         63 bytes
' Reply needed yes
'----------------------------------------------------------------------
OK-WY/C-C5AGY/W-AMAD/S-80X22/O-NCE1A0950/T-NCE/A-NCE/L-********

'**********************************************************************
' Received at  11:00:51.925080 - 04 Mar 2024
' Filename     /mnt/c/Users/ygarnier/open_pnr_validation/Epic_DATALMP_11405_Additional_OpenPNR_fields_for_Order_Codeshare/Epic_DATALMP_11405_Additional_OpenPNR_fields_for_Order_Codeshare/Scripts/Automated_processes/TKXL_out.cry
' Match        N/A
' Message      5 -  . 
' Size         46 bytes
'----------------------------------------------------------------------
''Response:
''&
''LEIDS:   CC2B44&
''INITIALIZED FOR: NETWORK 09&
''>
''End of response

'**********************************************************************
' Sent at      11:00:51.925460 - 04 Mar 2024
' Filename     /mnt/c/Users/ygarnier/open_pnr_validation/Epic_DATALMP_11405_Additional_OpenPNR_fields_for_Order_Codeshare/Epic_DATALMP_11405_Additional_OpenPNR_fields_for_Order_Codeshare/Scripts/Automated_processes/TKXL_out.cry
' Message      6 -  . 
' Size         39 bytes
' Reply needed yes
'----------------------------------------------------------------------
Jia0447YG/SU.NCE6X0100-****************

'**********************************************************************
' Received at  11:00:53.150487 - 04 Mar 2024
' Filename     /mnt/c/Users/ygarnier/open_pnr_validation/Epic_DATALMP_11405_Additional_OpenPNR_fields_for_Order_Codeshare/Epic_DATALMP_11405_Additional_OpenPNR_fields_for_Order_Codeshare/Scripts/Automated_processes/TKXL_out.cry
' Match        OK
' Message      6 -  . 
' Size         325 bytes
'----------------------------------------------------------------------
''Response:
''&
''A-SIGN COMPLETE/04MAR/SU&
''************  AMADEUS PRODUCT NEWS  ***********  SEE GGNEWS&
''AIR2 INSELAIR INTERNATIONAL (7I) ENJOYS ISM IASR GGNEWSAIR2&
''HTL  BALLADINS (BL) ENJOY HTL DYNAMIC ACCESS     GGNEWSHTL&
''AIR1 PULLMANTUR AIR (EB) ENJOYS AAS              GGNEWSAIR1&
''AIR  UTAIR UKRAINE (QU) ENJOYS AAS               GGNEWSAIR&
''>
''End of response

''Conversation: web

'**********************************************************************
' Sent at      11:00:53.155474 - 04 Mar 2024
' Filename     /mnt/c/Users/ygarnier/open_pnr_validation/Epic_DATALMP_11405_Additional_OpenPNR_fields_for_Order_Codeshare/Epic_DATALMP_11405_Additional_OpenPNR_fields_for_Order_Codeshare/Scripts/Automated_processes/TKXL_out.cry
' Message      7 -  . 
' Size         927 bytes
' Reply needed yes
'----------------------------------------------------------------------
POST /1ASIUTOPLEGU/v2/open-pnrs/ HTTP/1.1&
Content-Type: application/json&
Authorization: 1AAuth eyJub25jZSI6Ik1USXdOREUxTmpjeU9UZzVNekUzT1E9PSIsInRpbWVzdGFtcCI6IjIwMjQtMDMtMDRUMTA6MDA6NDUuMDAwWiIsInVzZXJJZCI6IllPQU5OVEVTVCIsIm9mZmljZUlkIjoiTkNFMUEwOTUwIiwib3JnYW5pemF0aW9uIjoiMUEiLCJwYXNzd29yZCI6IlZySEhkeHBGL09rZkVQWkFFNllwaDBaK1BMZz0ifQ==&
&
\{"openPnr":"Sg0qC0EtMUEvTE9ORE9OeiMKC3N0YWtlaG9sZGVyEgVQQVgtMSINEgRKT0hOGgVTTUlUSIIBcgoHcHJvZHVjdBABGgVBSVItMSIwChEKA0ZSQRoKMjAyNC0xMi0xMxIFCgNMSFIiEAoJCgI2WBIDNDAyEgMKAVlKAk5OQiwKC3N0YWtlaG9sZGVyEgVQQVgtMRoWcHJvY2Vzc2VkUG5yLnRyYXZlbGVyc7IBSgoHY29udGFjdBIEQVAtMSIIGgYxMjM0NTZCAQFiLAoLc3Rha2Vob2xkZXISBVBBWC0xGhZwcm9jZXNzZWRQbnIudHJhdmVsZXJzugGzAQoRYXV0b21hdGVkLXByb2Nlc3MSGks5M0hRMy0yMDI0LTAzLTAxLVBOUi1USy0zGA1aQQoLc3Rha2Vob2xkZXISGks5M0hRMy0yMDI0LTAzLTAxLVBOUi1OTS0xGhZwcm9jZXNzZWRQbnIudHJhdmVsZXJzYj0KB3Byb2R1Y3QSG0s5M0hRMy0yMDI0LTAzLTAxLVBOUi1BSVItMRoVcHJvY2Vzc2VkUG5yLnByb2R1Y3Rz"\}

'**********************************************************************
' Received at  11:00:53.399359 - 04 Mar 2024
' Filename     /mnt/c/Users/ygarnier/open_pnr_validation/Epic_DATALMP_11405_Additional_OpenPNR_fields_for_Order_Codeshare/Epic_DATALMP_11405_Additional_OpenPNR_fields_for_Order_Codeshare/Scripts/Automated_processes/TKXL_out.cry
' Match        KO
' Message      7 -  . 
' Size         425 bytes
'----------------------------------------------------------------------
''Response:
''HTTP/1.1 400 Bad Request&
''ama-request-id:0001WS91T9TIHH&
''content-length:158&
''content-type:application/vnd.amadeus+json; charset=utf-8&
''&
''\{&
''    "errors": [&
''        \{&
''            "status": 400, &
''            "detail": "Invalid link between elements", &
''            "title": "UNABLE TO PROCESS", &
''            "code": 11, &
''            "source": \{&
''                "parameter": "K93HQ3-2024-03-01-PNR-NM-1"&
''            \}&
''        \}&
''    ]&
''\}
''End of response

''Conversation: web

'**********************************************************************
' Sent at      11:00:53.401938 - 04 Mar 2024
' Filename     /mnt/c/Users/ygarnier/open_pnr_validation/Epic_DATALMP_11405_Additional_OpenPNR_fields_for_Order_Codeshare/Epic_DATALMP_11405_Additional_OpenPNR_fields_for_Order_Codeshare/Scripts/Automated_processes/TKXL_out.cry
' Message      8 -  . 
' Size         340 bytes
' Reply needed yes
'----------------------------------------------------------------------
GET /1ASIUTOPLEGU/v2/open-pnrs/ HTTP/1.1&
Content-Type: application/json&
Authorization: 1AAuth eyJub25jZSI6Ik56azNNemN4TmpFNE1qYzVNRE0zT0E9PSIsInRpbWVzdGFtcCI6IjIwMjQtMDMtMDRUMTA6MDA6NDUuMDAwWiIsInVzZXJJZCI6IllPQU5OVEVTVCIsIm9mZmljZUlkIjoiTkNFMUEwOTUwIiwib3JnYW5pemF0aW9uIjoiMUEiLCJwYXNzd29yZCI6IjZQTGlQZTRQZ1JlSWZrVzVFZWxJZ0hhcXhFTT0ifQ==&
&


'**********************************************************************
' Received at  11:00:53.650639 - 04 Mar 2024
' Filename     /mnt/c/Users/ygarnier/open_pnr_validation/Epic_DATALMP_11405_Additional_OpenPNR_fields_for_Order_Codeshare/Epic_DATALMP_11405_Additional_OpenPNR_fields_for_Order_Codeshare/Scripts/Automated_processes/TKXL_out.cry
' Match        KO
' Message      8 -  . 
' Size         323 bytes
'----------------------------------------------------------------------
''Response:
''HTTP/1.1 400 Bad Request&
''ama-request-id:0001WS91V9TIHH&
''content-length:102&
''content-type:application/vnd.amadeus+json; charset=utf-8&
''&
''\{&
''    "errors": [&
''        \{&
''            "status": 400, &
''            "detail": "No PNR reference provided", &
''            "title": "UNABLE TO PROCESS", &
''            "code": 11&
''        \}&
''    ]&
''\}
''End of response

''Conversation: web

'**********************************************************************
' Sent at      11:00:53.652650 - 04 Mar 2024
' Filename     /mnt/c/Users/ygarnier/open_pnr_validation/Epic_DATALMP_11405_Additional_OpenPNR_fields_for_Order_Codeshare/Epic_DATALMP_11405_Additional_OpenPNR_fields_for_Order_Codeshare/Scripts/Automated_processes/TKXL_out.cry
' Message      9 -  . 
' Size         417 bytes
' Reply needed yes
'----------------------------------------------------------------------
POST /1ASIUTOPLEGU/v2/open-pnrs/conversion?input=protobufBase64\&output=json HTTP/1.1&
Debug-Format: debug&
Content-Type: application/json&
Authorization:1AAuth eyJub25jZSI6Ik1EZzJNREF6TXpJM01UazBPVGM0TWc9PSIsInRpbWVzdGFtcCI6IjIwMjQtMDMtMDRUMTA6MDA6NDUuMDAwWiIsInVzZXJJZCI6IllPQU5OVEVTVCIsIm9mZmljZUlkIjoiTkNFMUEwOTUwIiwib3JnYW5pemF0aW9uIjoiMUEiLCJwYXNzd29yZCI6IlYraEYyZGI3SXZaYS8xRXUzMWdYVklBNjZHRT0ifQ==&
&
\{"openPnr":""\}

'**********************************************************************
' Received at  11:00:53.853191 - 04 Mar 2024
' Filename     /mnt/c/Users/ygarnier/open_pnr_validation/Epic_DATALMP_11405_Additional_OpenPNR_fields_for_Order_Codeshare/Epic_DATALMP_11405_Additional_OpenPNR_fields_for_Order_Codeshare/Scripts/Automated_processes/TKXL_out.cry
' Match        OK
' Message      9 -  . 
' Size         130 bytes
'----------------------------------------------------------------------
''Response:
''HTTP/1.1 200 OK&
''ama-request-id:0001WS91X9TIHH&
''content-length:2&
''etag:1&
''content-type:application/vnd.amadeus+json; charset=utf-8&
''&
''\{\}
''End of response

''Conversation: cry

'**********************************************************************
' Sent at      11:00:53.855738 - 04 Mar 2024
' Filename     /mnt/c/Users/ygarnier/open_pnr_validation/Epic_DATALMP_11405_Additional_OpenPNR_fields_for_Order_Codeshare/Epic_DATALMP_11405_Additional_OpenPNR_fields_for_Order_Codeshare/Scripts/Automated_processes/TKXL_out.cry
' Message      10 -  . 
' Size         3 bytes
' Reply needed yes
'----------------------------------------------------------------------
RT 

'**********************************************************************
' Received at  11:00:53.955013 - 04 Mar 2024
' Filename     /mnt/c/Users/ygarnier/open_pnr_validation/Epic_DATALMP_11405_Additional_OpenPNR_fields_for_Order_Codeshare/Epic_DATALMP_11405_Additional_OpenPNR_fields_for_Order_Codeshare/Scripts/Automated_processes/TKXL_out.cry
' Match        N/A
' Message      10 -  . 
' Size         9 bytes
'----------------------------------------------------------------------
''Response:
''INVALID&
''>
''End of response

'**********************************************************************
' Sent at      11:00:53.955659 - 04 Mar 2024
' Filename     /mnt/c/Users/ygarnier/open_pnr_validation/Epic_DATALMP_11405_Additional_OpenPNR_fields_for_Order_Codeshare/Epic_DATALMP_11405_Additional_OpenPNR_fields_for_Order_Codeshare/Scripts/Automated_processes/TKXL_out.cry
' Message      11 -  . 
' Size         2 bytes
' Reply needed yes
'----------------------------------------------------------------------
XI

'**********************************************************************
' Received at  11:00:54.058461 - 04 Mar 2024
' Filename     /mnt/c/Users/ygarnier/open_pnr_validation/Epic_DATALMP_11405_Additional_OpenPNR_fields_for_Order_Codeshare/Epic_DATALMP_11405_Additional_OpenPNR_fields_for_Order_Codeshare/Scripts/Automated_processes/TKXL_out.cry
' Match        N/A
' Message      11 -  . 
' Size         24 bytes
'----------------------------------------------------------------------
''Response:
''NO TRANSACTION PRESENT&
''>
''End of response

'**********************************************************************
' Sent at      11:00:54.059695 - 04 Mar 2024
' Filename     /mnt/c/Users/ygarnier/open_pnr_validation/Epic_DATALMP_11405_Additional_OpenPNR_fields_for_Order_Codeshare/Epic_DATALMP_11405_Additional_OpenPNR_fields_for_Order_Codeshare/Scripts/Automated_processes/TKXL_out.cry
' Message      12 -  . 
' Size         2 bytes
' Reply needed yes
'----------------------------------------------------------------------
ET

'**********************************************************************
' Received at  11:00:54.160285 - 04 Mar 2024
' Filename     /mnt/c/Users/ygarnier/open_pnr_validation/Epic_DATALMP_11405_Additional_OpenPNR_fields_for_Order_Codeshare/Epic_DATALMP_11405_Additional_OpenPNR_fields_for_Order_Codeshare/Scripts/Automated_processes/TKXL_out.cry
' Match        N/A
' Message      12 -  . 
' Size         24 bytes
'----------------------------------------------------------------------
''Response:
''NO TRANSACTION PRESENT&
''>
''End of response

'**********************************************************************
' Sent at      11:00:54.161915 - 04 Mar 2024
' Filename     /mnt/c/Users/ygarnier/open_pnr_validation/Epic_DATALMP_11405_Additional_OpenPNR_fields_for_Order_Codeshare/Epic_DATALMP_11405_Additional_OpenPNR_fields_for_Order_Codeshare/Scripts/Automated_processes/TKXL_out.cry
' Message      13 -  . 
' Size         2 bytes
' Reply needed yes
'----------------------------------------------------------------------
IG

'**********************************************************************
' Received at  11:00:54.254024 - 04 Mar 2024
' Filename     /mnt/c/Users/ygarnier/open_pnr_validation/Epic_DATALMP_11405_Additional_OpenPNR_fields_for_Order_Codeshare/Epic_DATALMP_11405_Additional_OpenPNR_fields_for_Order_Codeshare/Scripts/Automated_processes/TKXL_out.cry
' Match        N/A
' Message      13 -  . 
' Size         9 bytes
'----------------------------------------------------------------------
''Response:
''IGNORED&
''>
''End of response

'**********************************************************************
' Sent at      11:00:54.255530 - 04 Mar 2024
' Filename     /mnt/c/Users/ygarnier/open_pnr_validation/Epic_DATALMP_11405_Additional_OpenPNR_fields_for_Order_Codeshare/Epic_DATALMP_11405_Additional_OpenPNR_fields_for_Order_Codeshare/Scripts/Automated_processes/TKXL_out.cry
' Message      14 -  . 
' Size         2 bytes
' Reply needed yes
'----------------------------------------------------------------------
JO

'**********************************************************************
' Received at  11:00:54.397533 - 04 Mar 2024
' Filename     /mnt/c/Users/ygarnier/open_pnr_validation/Epic_DATALMP_11405_Additional_OpenPNR_fields_for_Order_Codeshare/Epic_DATALMP_11405_Additional_OpenPNR_fields_for_Order_Codeshare/Scripts/Automated_processes/TKXL_out.cry
' Match        N/A
' Message      14 -  . 
' Size         387 bytes
'----------------------------------------------------------------------
''Response:
''&
''********         NCE1A0950&
''&
''AREA  TM  MOD SG/DT.LG TIME      ACT.Q   STATUS     NAME&
''A                       24             NOT SIGNED&
''B                                      NOT SIGNED&
''C                                      NOT SIGNED&
''D                                      NOT SIGNED&
''E                                      NOT SIGNED&
''F                                      NOT SIGNED&
''>
''End of response

'**********************************************************************
' Sent at      11:00:54.399581 - 04 Mar 2024
' Filename     /mnt/c/Users/ygarnier/open_pnr_validation/Epic_DATALMP_11405_Additional_OpenPNR_fields_for_Order_Codeshare/Epic_DATALMP_11405_Additional_OpenPNR_fields_for_Order_Codeshare/Scripts/Automated_processes/TKXL_out.cry
' Message      15 -  . 
' Size         2 bytes
' Reply needed yes
'----------------------------------------------------------------------
JD

'**********************************************************************
' Received at  11:00:54.486803 - 04 Mar 2024
' Filename     /mnt/c/Users/ygarnier/open_pnr_validation/Epic_DATALMP_11405_Additional_OpenPNR_fields_for_Order_Codeshare/Epic_DATALMP_11405_Additional_OpenPNR_fields_for_Order_Codeshare/Scripts/Automated_processes/TKXL_out.cry
' Match        N/A
' Message      15 -  . 
' Size         387 bytes
'----------------------------------------------------------------------
''Response:
''&
''********         NCE1A0950&
''&
''AREA  TM  MOD SG/DT.LG TIME      ACT.Q   STATUS     NAME&
''A                       24             NOT SIGNED&
''B                                      NOT SIGNED&
''C                                      NOT SIGNED&
''D                                      NOT SIGNED&
''E                                      NOT SIGNED&
''F                                      NOT SIGNED&
''>
''End of response


'----------------------------------------------------------------------
' Statistics
'----------------------------------------------------------------------
' Messages in          : 15
' Bytes in             : 0Mb 2Kb 531b
' Messages out         : 15
' Bytes out            : 0Mb 1Kb 797b

' Conversations        : 5
' Transactions         : 15
' Transactions parsed  : 15
' Ratio                : 1

' Total duration       : 0h 0min 5s 34.3ms
' Parse duration       : 0h 0min 0s 1.154ms (0 %)
' Wait duration        : 0h 0min 2s 980.163ms (59 %)
' Transactions/s       : 2 TPS

' Number of Timeouts   : 0
' Messages compared    : 4
' Errors found         : 2
' Python errors found         : 0
' No match counter     : 2
