' Log report : 15:23:48.252575 - 28 Feb 2024
' Filename   : /mnt/c/Users/ygarnier/open_pnr_validation/Epic_DATALMP_11405_Additional_OpenPNR_fields_for_Order_Codeshare/Epic_DATALMP_11405_Additional_OpenPNR_fields_for_Order_Codeshare/Scripts/Associated_PNRs/Split/split_PNR.cry
'----------------------------------------------------------------------

''Initialize:
import json
from lib.openpnr import extract_binary_payload
from lib.json_match import assert_equal, assert_found, assert_not_found, parse_json

execfile(global_regression.TTS_RootDir + '/data/data_' + global_regression.TEST_SYSTEM + '.py')

TTS_OK = TTServer.currentMessage.TTS_MATCH_COMPARISON_OK
TTS_KO = TTServer.currentMessage.TTS_MATCH_COMPARISON_FAILURE

# As the specific conditions to evaluate depend on the test, the comparison function is in the individual script
# In case of match error, find the error details in TTS logs (not available in .log or in .rex file)
# Variables defined in data files (e.g., test user data) or in the current scripts (e.g., recloc)
# are directly available from inside the function.
def validate_openpnr(openpnr_json):
    try:
        openpnr = parse_json(openpnr_json)
        for field in ['id', 'reference', 'creation', 'travelers', 'products']:
            assert_found(field, container=openpnr)

        expected_openpnr_id = recloc + '-' + today
        assert_equal(actual=openpnr['id'], expected=expected_openpnr_id, item_name='OpenPNR id field')
        assert_not_found('creation/date', container=openpnr)
        assert_found('creation/dateTime', container=openpnr)
        assert_found('creation/pointOfSale/office/id', container=openpnr)
        assert_equal(expected=test_user_1A_extended_office, actual=openpnr['creation']['pointOfSale']['office']['id'], item_name='creator office')

        assert_equal(actual=len(openpnr['associatedPnrs']), expected=1, item_name='number of associatedPnrs')
        associatedPnrs_1 = openpnr['associatedPnrs'][0]
        assert_equal(actual=associatedPnrs_1['reference'], expected=recloc2, item_name='RECLOC reference')
        assert_equal(actual=associatedPnrs_1['associationType'], expected="SPLIT", item_name='associationType')
        assert_equal(actual=associatedPnrs_1['direction'], expected="CHILD", item_name='direction')

    except Exception as e:
        print('OpenPNR validation failed: {}'.format(e))
        return TTS_KO

    print('OpenPNR validation successful')
    return TTS_OK

''End
'**********************************************************************
' Sent at      15:23:48.254045 - 28 Feb 2024
' Filename     /mnt/c/Users/ygarnier/open_pnr_validation/Epic_DATALMP_11405_Additional_OpenPNR_fields_for_Order_Codeshare/Epic_DATALMP_11405_Additional_OpenPNR_fields_for_Order_Codeshare/Scripts/Associated_PNRs/Split/split_PNR.cry
' Message      1 -  . 
' Size         2 bytes
' Reply needed yes
'----------------------------------------------------------------------
IG

'**********************************************************************
' Received at  15:23:48.322792 - 28 Feb 2024
' Filename     /mnt/c/Users/ygarnier/open_pnr_validation/Epic_DATALMP_11405_Additional_OpenPNR_fields_for_Order_Codeshare/Epic_DATALMP_11405_Additional_OpenPNR_fields_for_Order_Codeshare/Scripts/Associated_PNRs/Split/split_PNR.cry
' Match        N/A
' Message      1 -  . 
' Size         9 bytes
'----------------------------------------------------------------------
''Response:
''SIGN IN&
''>
''End of response

'**********************************************************************
' Sent at      15:23:48.325788 - 28 Feb 2024
' Filename     /mnt/c/Users/ygarnier/open_pnr_validation/Epic_DATALMP_11405_Additional_OpenPNR_fields_for_Order_Codeshare/Epic_DATALMP_11405_Additional_OpenPNR_fields_for_Order_Codeshare/Scripts/Associated_PNRs/Split/split_PNR.cry
' Message      2 -  . 
' Size         2 bytes
' Reply needed yes
'----------------------------------------------------------------------
JO

'**********************************************************************
' Received at  15:23:48.404460 - 28 Feb 2024
' Filename     /mnt/c/Users/ygarnier/open_pnr_validation/Epic_DATALMP_11405_Additional_OpenPNR_fields_for_Order_Codeshare/Epic_DATALMP_11405_Additional_OpenPNR_fields_for_Order_Codeshare/Scripts/Associated_PNRs/Split/split_PNR.cry
' Match        N/A
' Message      2 -  . 
' Size         9 bytes
'----------------------------------------------------------------------
''Response:
''SIGN IN&
''>
''End of response

'**********************************************************************
' Sent at      15:23:48.405607 - 28 Feb 2024
' Filename     /mnt/c/Users/ygarnier/open_pnr_validation/Epic_DATALMP_11405_Additional_OpenPNR_fields_for_Order_Codeshare/Epic_DATALMP_11405_Additional_OpenPNR_fields_for_Order_Codeshare/Scripts/Associated_PNRs/Split/split_PNR.cry
' Message      3 -  . 
' Size         2 bytes
' Reply needed yes
'----------------------------------------------------------------------
JD

'**********************************************************************
' Received at  15:23:48.495363 - 28 Feb 2024
' Filename     /mnt/c/Users/ygarnier/open_pnr_validation/Epic_DATALMP_11405_Additional_OpenPNR_fields_for_Order_Codeshare/Epic_DATALMP_11405_Additional_OpenPNR_fields_for_Order_Codeshare/Scripts/Associated_PNRs/Split/split_PNR.cry
' Match        N/A
' Message      3 -  . 
' Size         387 bytes
'----------------------------------------------------------------------
''Response:
''&
''09CC2B44         NCE1A0955&
''&
''AREA  TM  MOD SG/DT.LG TIME      ACT.Q   STATUS     NAME&
''A                       24             NOT SIGNED&
''B                                      NOT SIGNED&
''C                                      NOT SIGNED&
''D                                      NOT SIGNED&
''E                                      NOT SIGNED&
''F                                      NOT SIGNED&
''>
''End of response

'> 1. Sign in with test_user_1A_sign in office test_user_1A_office
'**********************************************************************
' Sent at      15:23:48.498608 - 28 Feb 2024
' Filename     /mnt/c/Users/ygarnier/open_pnr_validation/Epic_DATALMP_11405_Additional_OpenPNR_fields_for_Order_Codeshare/Epic_DATALMP_11405_Additional_OpenPNR_fields_for_Order_Codeshare/Scripts/Associated_PNRs/Split/split_PNR.cry
' Message      4 -  . 
' Size         16 bytes
' Reply needed yes
'----------------------------------------------------------------------
OK-WE/L-09CC2B44

'**********************************************************************
' Received at  15:23:48.614713 - 28 Feb 2024
' Filename     /mnt/c/Users/ygarnier/open_pnr_validation/Epic_DATALMP_11405_Additional_OpenPNR_fields_for_Order_Codeshare/Epic_DATALMP_11405_Additional_OpenPNR_fields_for_Order_Codeshare/Scripts/Associated_PNRs/Split/split_PNR.cry
' Match        N/A
' Message      4 -  . 
' Size         85 bytes
'----------------------------------------------------------------------
''Response:
''  NETWORK 09 SUB-SYS FE DELETION LIST&
''     CC2B44    DELETED OK&
''  DELETION FINISHED&
''>
''End of response

''WAIT:2
'**********************************************************************
' Sent at      15:23:50.621117 - 28 Feb 2024
' Filename     /mnt/c/Users/ygarnier/open_pnr_validation/Epic_DATALMP_11405_Additional_OpenPNR_fields_for_Order_Codeshare/Epic_DATALMP_11405_Additional_OpenPNR_fields_for_Order_Codeshare/Scripts/Associated_PNRs/Split/split_PNR.cry
' Message      5 -  . 
' Size         63 bytes
' Reply needed yes
'----------------------------------------------------------------------
OK-WY/C-C5AGY/W-AMAD/S-80X22/O-NCE1A0950/T-NCE/A-NCE/L-09CC2B44

'**********************************************************************
' Received at  15:23:50.705657 - 28 Feb 2024
' Filename     /mnt/c/Users/ygarnier/open_pnr_validation/Epic_DATALMP_11405_Additional_OpenPNR_fields_for_Order_Codeshare/Epic_DATALMP_11405_Additional_OpenPNR_fields_for_Order_Codeshare/Scripts/Associated_PNRs/Split/split_PNR.cry
' Match        N/A
' Message      5 -  . 
' Size         46 bytes
'----------------------------------------------------------------------
''Response:
''&
''LEIDS:   CC2B44&
''INITIALIZED FOR: NETWORK 09&
''>
''End of response

'**********************************************************************
' Sent at      15:23:50.706461 - 28 Feb 2024
' Filename     /mnt/c/Users/ygarnier/open_pnr_validation/Epic_DATALMP_11405_Additional_OpenPNR_fields_for_Order_Codeshare/Epic_DATALMP_11405_Additional_OpenPNR_fields_for_Order_Codeshare/Scripts/Associated_PNRs/Split/split_PNR.cry
' Message      6 -  . 
' Size         39 bytes
' Reply needed yes
'----------------------------------------------------------------------
Jia0447YG/SU.NCE6X0100-Yoanntesting123+

'**********************************************************************
' Received at  15:23:51.099131 - 28 Feb 2024
' Filename     /mnt/c/Users/ygarnier/open_pnr_validation/Epic_DATALMP_11405_Additional_OpenPNR_fields_for_Order_Codeshare/Epic_DATALMP_11405_Additional_OpenPNR_fields_for_Order_Codeshare/Scripts/Associated_PNRs/Split/split_PNR.cry
' Match        OK
' Message      6 -  . 
' Size         325 bytes
'----------------------------------------------------------------------
''Response:
''&
''A-SIGN COMPLETE/28FEB/SU&
''************  AMADEUS PRODUCT NEWS  ***********  SEE GGNEWS&
''AIR2 INSELAIR INTERNATIONAL (7I) ENJOYS ISM IASR GGNEWSAIR2&
''HTL  BALLADINS (BL) ENJOY HTL DYNAMIC ACCESS     GGNEWSHTL&
''AIR1 PULLMANTUR AIR (EB) ENJOYS AAS              GGNEWSAIR1&
''AIR  UTAIR UKRAINE (QU) ENJOYS AAS               GGNEWSAIR&
''>
''End of response

'> 2.Create a PNR with 2pax 1seg + APM
'**********************************************************************
' Sent at      15:23:51.099691 - 28 Feb 2024
' Filename     /mnt/c/Users/ygarnier/open_pnr_validation/Epic_DATALMP_11405_Additional_OpenPNR_fields_for_Order_Codeshare/Epic_DATALMP_11405_Additional_OpenPNR_fields_for_Order_Codeshare/Scripts/Associated_PNRs/Split/split_PNR.cry
' Message      7 -  . 
' Size         12 bytes
' Reply needed yes
'----------------------------------------------------------------------
NM1XCPU/LCKP

'**********************************************************************
' Received at  15:23:51.236081 - 28 Feb 2024
' Filename     /mnt/c/Users/ygarnier/open_pnr_validation/Epic_DATALMP_11405_Additional_OpenPNR_fields_for_Order_Codeshare/Epic_DATALMP_11405_Additional_OpenPNR_fields_for_Order_Codeshare/Scripts/Associated_PNRs/Split/split_PNR.cry
' Match        N/A
' Message      7 -  . 
' Size         29 bytes
'----------------------------------------------------------------------
''Response:
''RP/NCE6X0100/&
''  1.XCPU/LCKP&
''>
''End of response

'**********************************************************************
' Sent at      15:23:51.238515 - 28 Feb 2024
' Filename     /mnt/c/Users/ygarnier/open_pnr_validation/Epic_DATALMP_11405_Additional_OpenPNR_fields_for_Order_Codeshare/Epic_DATALMP_11405_Additional_OpenPNR_fields_for_Order_Codeshare/Scripts/Associated_PNRs/Split/split_PNR.cry
' Message      8 -  . 
' Size         12 bytes
' Reply needed yes
'----------------------------------------------------------------------
NM1GDMZ/YTJS

'**********************************************************************
' Received at  15:23:51.380762 - 28 Feb 2024
' Filename     /mnt/c/Users/ygarnier/open_pnr_validation/Epic_DATALMP_11405_Additional_OpenPNR_fields_for_Order_Codeshare/Epic_DATALMP_11405_Additional_OpenPNR_fields_for_Order_Codeshare/Scripts/Associated_PNRs/Split/split_PNR.cry
' Match        N/A
' Message      8 -  . 
' Size         43 bytes
'----------------------------------------------------------------------
''Response:
''RP/NCE6X0100/&
''  1.GDMZ/YTJS   2.XCPU/LCKP&
''>
''End of response

'**********************************************************************
' Sent at      15:23:51.382908 - 28 Feb 2024
' Filename     /mnt/c/Users/ygarnier/open_pnr_validation/Epic_DATALMP_11405_Additional_OpenPNR_fields_for_Order_Codeshare/Epic_DATALMP_11405_Additional_OpenPNR_fields_for_Order_Codeshare/Scripts/Associated_PNRs/Split/split_PNR.cry
' Message      9 -  . 
' Size         20 bytes
' Reply needed yes
'----------------------------------------------------------------------
SS6X402Y18APRFRALHR2

'**********************************************************************
' Received at  15:23:52.061929 - 28 Feb 2024
' Filename     /mnt/c/Users/ygarnier/open_pnr_validation/Epic_DATALMP_11405_Additional_OpenPNR_fields_for_Order_Codeshare/Epic_DATALMP_11405_Additional_OpenPNR_fields_for_Order_Codeshare/Scripts/Associated_PNRs/Split/split_PNR.cry
' Match        OK
' Message      9 -  . 
' Size         119 bytes
'----------------------------------------------------------------------
''Response:
''RP/NCE6X0100/&
''  1.GDMZ/YTJS   2.XCPU/LCKP&
''  3  6X 402 Y 18APR 4 FRALHR DK2  1000 1100  18APR  E  0 320&
''     SEE RTSVC&
''>
''End of response

'**********************************************************************
' Sent at      15:23:52.062395 - 28 Feb 2024
' Filename     /mnt/c/Users/ygarnier/open_pnr_validation/Epic_DATALMP_11405_Additional_OpenPNR_fields_for_Order_Codeshare/Epic_DATALMP_11405_Additional_OpenPNR_fields_for_Order_Codeshare/Scripts/Associated_PNRs/Split/split_PNR.cry
' Message      10 -  . 
' Size         5 bytes
' Reply needed yes
'----------------------------------------------------------------------
RF CO

'**********************************************************************
' Received at  15:23:52.219436 - 28 Feb 2024
' Filename     /mnt/c/Users/ygarnier/open_pnr_validation/Epic_DATALMP_11405_Additional_OpenPNR_fields_for_Order_Codeshare/Epic_DATALMP_11405_Additional_OpenPNR_fields_for_Order_Codeshare/Scripts/Associated_PNRs/Split/split_PNR.cry
' Match        N/A
' Message      10 -  . 
' Size         125 bytes
'----------------------------------------------------------------------
''Response:
''RP/NCE6X0100/&
''RF CO&
''  1.GDMZ/YTJS   2.XCPU/LCKP&
''  3  6X 402 Y 18APR 4 FRALHR DK2  1000 1100  18APR  E  0 320&
''     SEE RTSVC&
''>
''End of response

'**********************************************************************
' Sent at      15:23:52.219744 - 28 Feb 2024
' Filename     /mnt/c/Users/ygarnier/open_pnr_validation/Epic_DATALMP_11405_Additional_OpenPNR_fields_for_Order_Codeshare/Epic_DATALMP_11405_Additional_OpenPNR_fields_for_Order_Codeshare/Scripts/Associated_PNRs/Split/split_PNR.cry
' Message      11 -  . 
' Size         5 bytes
' Reply needed yes
'----------------------------------------------------------------------
AP OK

'**********************************************************************
' Received at  15:23:52.390880 - 28 Feb 2024
' Filename     /mnt/c/Users/ygarnier/open_pnr_validation/Epic_DATALMP_11405_Additional_OpenPNR_fields_for_Order_Codeshare/Epic_DATALMP_11405_Additional_OpenPNR_fields_for_Order_Codeshare/Scripts/Associated_PNRs/Split/split_PNR.cry
' Match        N/A
' Message      11 -  . 
' Size         135 bytes
'----------------------------------------------------------------------
''Response:
''RP/NCE6X0100/&
''RF CO&
''  1.GDMZ/YTJS   2.XCPU/LCKP&
''  3  6X 402 Y 18APR 4 FRALHR DK2  1000 1100  18APR  E  0 320&
''     SEE RTSVC&
''  4 AP OK&
''>
''End of response

'**********************************************************************
' Sent at      15:23:52.391142 - 28 Feb 2024
' Filename     /mnt/c/Users/ygarnier/open_pnr_validation/Epic_DATALMP_11405_Additional_OpenPNR_fields_for_Order_Codeshare/Epic_DATALMP_11405_Additional_OpenPNR_fields_for_Order_Codeshare/Scripts/Associated_PNRs/Split/split_PNR.cry
' Message      12 -  . 
' Size         4 bytes
' Reply needed yes
'----------------------------------------------------------------------
TKOK

'**********************************************************************
' Received at  15:23:52.542163 - 28 Feb 2024
' Filename     /mnt/c/Users/ygarnier/open_pnr_validation/Epic_DATALMP_11405_Additional_OpenPNR_fields_for_Order_Codeshare/Epic_DATALMP_11405_Additional_OpenPNR_fields_for_Order_Codeshare/Scripts/Associated_PNRs/Split/split_PNR.cry
' Match        N/A
' Message      12 -  . 
' Size         160 bytes
'----------------------------------------------------------------------
''Response:
''RP/NCE6X0100/&
''RF CO&
''  1.GDMZ/YTJS   2.XCPU/LCKP&
''  3  6X 402 Y 18APR 4 FRALHR DK2  1000 1100  18APR  E  0 320&
''     SEE RTSVC&
''  4 AP OK&
''  5 TK OK28FEB/NCE6X0100&
''>
''End of response

'> End-transact & check for completion
'**********************************************************************
' Sent at      15:23:52.542862 - 28 Feb 2024
' Filename     /mnt/c/Users/ygarnier/open_pnr_validation/Epic_DATALMP_11405_Additional_OpenPNR_fields_for_Order_Codeshare/Epic_DATALMP_11405_Additional_OpenPNR_fields_for_Order_Codeshare/Scripts/Associated_PNRs/Split/split_PNR.cry
' Message      13 -  . 
' Size         2 bytes
' Reply needed yes
'----------------------------------------------------------------------
ER

'**********************************************************************
' Received at  15:23:53.180551 - 28 Feb 2024
' Filename     /mnt/c/Users/ygarnier/open_pnr_validation/Epic_DATALMP_11405_Additional_OpenPNR_fields_for_Order_Codeshare/Epic_DATALMP_11405_Additional_OpenPNR_fields_for_Order_Codeshare/Scripts/Associated_PNRs/Split/split_PNR.cry
' Match        N/A
' Message      13 -  . 
' Size         205 bytes
'----------------------------------------------------------------------
''Response:
''--- RLR ---&
''RP/NCE6X0100/NCE6X0100            YG/SU  28FEB24/1423Z   JVN63T&
''  1.GDMZ/YTJS   2.XCPU/LCKP&
''  3  6X 402 Y 18APR 4 FRALHR HK2  1000 1100  18APR  E  6X/JVN63T&
''  4 AP OK&
''  5 TK OK28FEB/NCE6X0100&
''>
''End of response

''WAIT:5
'**********************************************************************
' Sent at      15:23:58.189413 - 28 Feb 2024
' Filename     /mnt/c/Users/ygarnier/open_pnr_validation/Epic_DATALMP_11405_Additional_OpenPNR_fields_for_Order_Codeshare/Epic_DATALMP_11405_Additional_OpenPNR_fields_for_Order_Codeshare/Scripts/Associated_PNRs/Split/split_PNR.cry
' Message      14 -  . 
' Size         2 bytes
' Reply needed yes
'----------------------------------------------------------------------
IR

'**********************************************************************
' Received at  15:23:58.404176 - 28 Feb 2024
' Filename     /mnt/c/Users/ygarnier/open_pnr_validation/Epic_DATALMP_11405_Additional_OpenPNR_fields_for_Order_Codeshare/Epic_DATALMP_11405_Additional_OpenPNR_fields_for_Order_Codeshare/Scripts/Associated_PNRs/Split/split_PNR.cry
' Match        OK
' Message      14 -  . 
' Size         390 bytes
'----------------------------------------------------------------------
''Response:
''--- RLR ---&
''RP/NCE6X0100/NCE6X0100            AA/SU  28FEB24/1423Z   JVN63T&
''  1.GDMZ/YTJS   2.XCPU/LCKP&
''  3  6X 402 Y 18APR 4 FRALHR HK2  1000 1100  18APR  E  6X/JVN63T&
''  4 AP OK&
''  5 TK OK28FEB/NCE6X0100&
''  6 OPW-29FEB:2300/1C7/6X REQUIRES TICKET ON OR BEFORE&
''        01MAR:2300 NCE TIME ZONE/TKT/S3&
''  7 OPC-01MAR:2300/1C8/6X CANCELLATION DUE TO NO TICKET NCE TIME&
''        ZONE/TKT/S3/P1-2&
''>
''End of response

'**********************************************************************
' Sent at      15:23:58.405811 - 28 Feb 2024
' Filename     /mnt/c/Users/ygarnier/open_pnr_validation/Epic_DATALMP_11405_Additional_OpenPNR_fields_for_Order_Codeshare/Epic_DATALMP_11405_Additional_OpenPNR_fields_for_Order_Codeshare/Scripts/Associated_PNRs/Split/split_PNR.cry
' Message      15 -  . 
' Size         3 bytes
' Reply needed yes
'----------------------------------------------------------------------
SP1

'**********************************************************************
' Received at  15:23:58.691340 - 28 Feb 2024
' Filename     /mnt/c/Users/ygarnier/open_pnr_validation/Epic_DATALMP_11405_Additional_OpenPNR_fields_for_Order_Codeshare/Epic_DATALMP_11405_Additional_OpenPNR_fields_for_Order_Codeshare/Scripts/Associated_PNRs/Split/split_PNR.cry
' Match        OK
' Message      15 -  . 
' Size         422 bytes
'----------------------------------------------------------------------
''Response:
''--- RLR ---&
''-ASSOCIATE PNR-&
''RP/NCE6X0100/NCE6X0100            AA/SU  28FEB24/1423Z   XXXXXX&
''  1.GDMZ/YTJS&
''  2  6X 402 Y 18APR 4 FRALHR HK1  1000 1100  18APR  E  6X/JVN63T&
''  3 AP OK&
''  4 TK OK28FEB/NCE6X0100&
''  5 OPW-29FEB:2300/1C7/6X REQUIRES TICKET ON OR BEFORE&
''        01MAR:2300 NCE TIME ZONE/TKT/S2&
''  6 OPC-01MAR:2300/1C8/6X CANCELLATION DUE TO NO TICKET NCE TIME&
''        ZONE/TKT/S2&
''  * SP 28FEB/YGSU/NCE6X0100-JVN63T&
''>
''End of response

'**********************************************************************
' Sent at      15:23:58.695495 - 28 Feb 2024
' Filename     /mnt/c/Users/ygarnier/open_pnr_validation/Epic_DATALMP_11405_Additional_OpenPNR_fields_for_Order_Codeshare/Epic_DATALMP_11405_Additional_OpenPNR_fields_for_Order_Codeshare/Scripts/Associated_PNRs/Split/split_PNR.cry
' Message      16 -  . 
' Size         2 bytes
' Reply needed yes
'----------------------------------------------------------------------
EF

'**********************************************************************
' Received at  15:23:58.952754 - 28 Feb 2024
' Filename     /mnt/c/Users/ygarnier/open_pnr_validation/Epic_DATALMP_11405_Additional_OpenPNR_fields_for_Order_Codeshare/Epic_DATALMP_11405_Additional_OpenPNR_fields_for_Order_Codeshare/Scripts/Associated_PNRs/Split/split_PNR.cry
' Match        OK
' Message      16 -  . 
' Size         419 bytes
'----------------------------------------------------------------------
''Response:
''--- RLR ---&
''-PARENT PNR-&
''RP/NCE6X0100/NCE6X0100            AA/SU  28FEB24/1423Z   JVN63T&
''  1.XCPU/LCKP&
''  2  6X 402 Y 18APR 4 FRALHR HK1  1000 1100  18APR  E  6X/JVN63T&
''  3 AP OK&
''  4 TK OK28FEB/NCE6X0100&
''  5 OPW-29FEB:2300/1C7/6X REQUIRES TICKET ON OR BEFORE&
''        01MAR:2300 NCE TIME ZONE/TKT/S2&
''  6 OPC-01MAR:2300/1C8/6X CANCELLATION DUE TO NO TICKET NCE TIME&
''        ZONE/TKT/S2&
''  * SP 28FEB/YGSU/NCE6X0100-JVNSXJ&
''>
''End of response

'**********************************************************************
' Sent at      15:23:58.957174 - 28 Feb 2024
' Filename     /mnt/c/Users/ygarnier/open_pnr_validation/Epic_DATALMP_11405_Additional_OpenPNR_fields_for_Order_Codeshare/Epic_DATALMP_11405_Additional_OpenPNR_fields_for_Order_Codeshare/Scripts/Associated_PNRs/Split/split_PNR.cry
' Message      17 -  . 
' Size         2 bytes
' Reply needed yes
'----------------------------------------------------------------------
ER

'**********************************************************************
' Received at  15:23:59.842530 - 28 Feb 2024
' Filename     /mnt/c/Users/ygarnier/open_pnr_validation/Epic_DATALMP_11405_Additional_OpenPNR_fields_for_Order_Codeshare/Epic_DATALMP_11405_Additional_OpenPNR_fields_for_Order_Codeshare/Scripts/Associated_PNRs/Split/split_PNR.cry
' Match        N/A
' Message      17 -  . 
' Size         410 bytes
'----------------------------------------------------------------------
''Response:
''--- AXR RLR ---&
''RP/NCE6X0100/NCE6X0100            YG/SU  28FEB24/1423Z   JVN63T&
''  1.XCPU/LCKP&
''  2  6X 402 Y 18APR 4 FRALHR HK1  1000 1100  18APR  E  6X/JVN63T&
''  3 AP OK&
''  4 TK OK28FEB/NCE6X0100&
''  5 OPW-29FEB:2300/1C7/6X REQUIRES TICKET ON OR BEFORE&
''        01MAR:2300 NCE TIME ZONE/TKT/S2&
''  6 OPC-01MAR:2300/1C8/6X CANCELLATION DUE TO NO TICKET NCE TIME&
''        ZONE/TKT/S2&
''  * SP 28FEB/YGSU/NCE6X0100-JVNSXJ&
''>
''End of response

''WAIT:5
''Conversation: edi

'**********************************************************************
' Sent at      15:24:04.921918 - 28 Feb 2024
' Filename     /mnt/c/Users/ygarnier/open_pnr_validation/Epic_DATALMP_11405_Additional_OpenPNR_fields_for_Order_Codeshare/Epic_DATALMP_11405_Additional_OpenPNR_fields_for_Order_Codeshare/Scripts/Associated_PNRs/Split/split_PNR.cry
' Message      18 - PNRRET 14.2 1A
' Size         169 bytes
' Reply needed yes
'----------------------------------------------------------------------
UNB+IATB:1+TESAPI3+1AAPITES3+240228:1424+00LH215O1W0001+++S'&
UNH+1+PNRRET:14:2:1A+09CC2B44'&
ORG+00+:NCE1A0950+++++A0447YGSU'&
RET+2'&
RCI+:JVN63T'&
UNT+5+1'&
UNZ+1+00LH215O1W0001'

'**********************************************************************
' Received at  15:24:05.160718 - 28 Feb 2024
' Filename     /mnt/c/Users/ygarnier/open_pnr_validation/Epic_DATALMP_11405_Additional_OpenPNR_fields_for_Order_Codeshare/Epic_DATALMP_11405_Additional_OpenPNR_fields_for_Order_Codeshare/Scripts/Associated_PNRs/Split/split_PNR.cry
' Match        OK
' Message      18 - PNRACC 14.2 1A
' Size         961 bytes
'----------------------------------------------------------------------
''Response:
''UNB+IATB:1+1AAPITES3+TESAPI3+240228:1424+00P64ZCOWT0001+00LH215O1W0001++E'&
''UNH+1+PNRACC:14:2:1A+09CC2B44'&
''RCI+1A:JVN63T::280224:1424'&
''RSI+RP:AASU:NCE6X0100:00631002+NCE6X0100+NCE+NCE6X0100:0447YG:280224:00631002:1423'&
''LFT+3:P12+--- AXR RLR ---'&
''STX+AXR*RLR'&
''UID+00631002:NCE6X0100+A'&
''SYS++6X:NCE'&
''PRE+FR'&
''UID+00631002:NCE6X0100+A'&
''SYS++6X:NCE'&
''PRE+FR'&
''UID+:NCE1A07CE+A'&
''SYS++1A:NCE'&
''PRE+FR'&
''SEQ++4'&
''PNH++3'&
''SDI+++2024:4:22'&
''EMS++PT:1+NM+1'&
''TIF+XCPU::1+LCKP'&
''ETI+:1+UN:Y:Y::XCPU:LCKP'&
''ODI'&
''EMS++ST:1+AIR+2'&
''TVL+180424:1000:180424:1100+FRA+LHR+6X+402:Y+ET'&
''MSG+1'&
''RCI+6X:JVN63T'&
''RPI+1+HK'&
''APD+320:0:::4'&
''SDT+P2'&
''DUM'&
''DUM'&
''EMS++OT:3+AP+3'&
''LFT+3:5+OK'&
''EMS++OT:4+TK+4'&
''TKE++OK:280224::NCE6X0100'&
''EMS++OT:9+OPW+5'&
''OPE+NCE6X0100:290224:1:7:6X REQUIRES TICKET ON OR BEFORE 01MAR\:2300 NCE TIME ZONE::2300'&
''REF+ST:1'&
''EMS++OT:8+OPC+6'&
''OPE+NCE6X0100:010324:1:8:6X CANCELLATION DUE TO NO TICKET NCE TIME ZONE::2300'&
''REF+ST:1*PT:1'&
''EMS+++SP'&
''RCI+1A:JVNSXJ:S:280224'&
''RSI+SP:YGSU:NCE6X0100'&
''UNT+44+1'&
''UNZ+1+00P64ZCOWT0001'
''End of response

'**********************************************************************
' Sent at      15:24:05.165347 - 28 Feb 2024
' Filename     
' Message      19 - APSINQ 94.2 IA
' Size         141 bytes
' Comment      Automatic message to close the conversation in established mode
' Reply needed yes
'----------------------------------------------------------------------
UNB+IATB:1+TESAPI3+1AAPITES3+240228:1424+00LH215O1W0002+00P64ZCOWT0001++T'&
UNH+1+APSINQ:94:2:IA+09CC2B44'&
MAP+++a'&
UNT+3+1'&
UNZ+1+00LH215O1W0002'

'**********************************************************************
' Received at  15:24:05.230917 - 28 Feb 2024
' Filename     /mnt/c/Users/ygarnier/open_pnr_validation/Epic_DATALMP_11405_Additional_OpenPNR_fields_for_Order_Codeshare/Epic_DATALMP_11405_Additional_OpenPNR_fields_for_Order_Codeshare/Scripts/Associated_PNRs/Split/split_PNR.cry
' Match        N/A
' Message      19 - CONTRL 2.1 UN
' Size         197 bytes
'----------------------------------------------------------------------
''Response:
''UNB+IATB:1+1AAPITES3+TESAPI3+240228:1424+00P64ZCOWT0002+00LH215O1W0002++T'&
''UNH+1+CONTRL:2:1:UN+09CC2B44'&
''UCI+00LH215O1W0002+TESAPI3+1AAPITES3+7'&
''UCM+1+APSINQ:94:2:IA+4+42'&
''UNT+4+1'&
''UNZ+1+00P64ZCOWT0002'
''End of response

''Conversation: pub

'**********************************************************************
' Sent at      15:24:05.304290 - 28 Feb 2024
' Filename     /mnt/c/Users/ygarnier/open_pnr_validation/Epic_DATALMP_11405_Additional_OpenPNR_fields_for_Order_Codeshare/Epic_DATALMP_11405_Additional_OpenPNR_fields_for_Order_Codeshare/Scripts/Associated_PNRs/Split/split_PNR.cry
' Message      20 - PURCRQ 14.1 1A
' Size         222 bytes
' Reply needed yes
'----------------------------------------------------------------------
UNB+IATB:1+1APPC+1ASIPUBU+240228:1424+00LH215O1Y0001+++O'&
UNH+1+PURCRQ:14:1:1A+09CC2B44'&
ORG+1A+:NCE1A0900++++FR:EUR:FR+A001SU'&
RCI+:JVN63T::28FEB24'&
ATC++604'&
IRV+ENV+3'&
SPR+++2005:8:8+2100:12:12++'&
UNT+7+1'&
UNZ+1+00LH215O1Y0001'

'**********************************************************************
' Received at  15:24:05.691129 - 28 Feb 2024
' Filename     /mnt/c/Users/ygarnier/open_pnr_validation/Epic_DATALMP_11405_Additional_OpenPNR_fields_for_Order_Codeshare/Epic_DATALMP_11405_Additional_OpenPNR_fields_for_Order_Codeshare/Scripts/Associated_PNRs/Split/split_PNR.cry
' Match        KO
' Message      20 - PURCRR 14.1 1A
' Size         200 bytes
'----------------------------------------------------------------------
''Response:
''UNB+IATB:1+1ASIPUBU+1APPC+240228:1424+01B894HUE60001+00LH215O1Y0001++T'&
''UNH+1+PURCRR:14:1:1A+09CC2B44'&
''RCI+:JVN63T::28FEB24'&
''ATC++604'&
''IRV+ENV+3'&
''SPR+++2005:8:8+2100:12:12'&
''DUM'&
''UNT+7+1'&
''UNZ+1+01B894HUE60001'
''End of response

''Conversation: pub_raw

'**********************************************************************
' Sent at      15:24:05.750469 - 28 Feb 2024
' Filename     /mnt/c/Users/ygarnier/open_pnr_validation/Epic_DATALMP_11405_Additional_OpenPNR_fields_for_Order_Codeshare/Epic_DATALMP_11405_Additional_OpenPNR_fields_for_Order_Codeshare/Scripts/Associated_PNRs/Split/split_PNR.cry
' Message      21 - PUPIRQ 14.1 1A
' Size         140 bytes
' Reply needed yes
'----------------------------------------------------------------------
UNB+IATA:1+1APPC+1ASIPUBU+240228:1424+00LH215O200001+++O'&
UNH+1+PUPIRQ:14:1:1A+09CC2B44'&
IRV+ID+'&
IRV+OBE+'&
SDI+++'&
UNT+5+1'&
UNZ+1+00LH215O200001'

'**********************************************************************
' Received at  15:24:05.813073 - 28 Feb 2024
' Filename     /mnt/c/Users/ygarnier/open_pnr_validation/Epic_DATALMP_11405_Additional_OpenPNR_fields_for_Order_Codeshare/Epic_DATALMP_11405_Additional_OpenPNR_fields_for_Order_Codeshare/Scripts/Associated_PNRs/Split/split_PNR.cry
' Match        KO
' Message      21 - CONTRL 2.1 UN
' Size         186 bytes
'----------------------------------------------------------------------
''Response:
''UNB+IATA:1+1ASIPUBU+1APPC+240228:1424+01B8QVRUVY0001+00LH215O200001++T'&
''UNH+1+CONTRL:2:1:UN+09CC2B44'&
''UCI+01J7TVNUAM0001+1ASI+NONE+7'&
''UCM+1+PUPIRQ:14:1:1A+4+18'&
''UNT+4+1'&
''UNZ+1+01B8QVRUVY0001'
''End of response

''match:extract_binary_payload(global_regression, raw_binary=raw_binary)
''Conversation: web

'Fatal Error (,line 238) The variable 'global_regression.openpnr_payload' is not defined

'----------------------------------------------------------------------
' Statistics
'----------------------------------------------------------------------
' Messages in          : 21
' Bytes in             : 0Mb 4Kb 766b
' Messages out         : 21
' Bytes out            : 0Mb 0Kb 865b

' Conversations        : 5
' Transactions         : 21
' Transactions parsed  : 21
' Ratio                : 1

' Total duration       : 0h 0min 17s 566ms
' Parse duration       : 0h 0min 0s 1.582ms (0 %)
' Wait duration        : 0h 0min 5s 287.475ms (30 %)
' Transactions/s       : 1 TPS

' Number of Timeouts   : 0
' Messages compared    : 8
' Errors found         : 2
' Python errors found         : 0
' No match counter     : 2
