' Log report : 09:42:21.968191 - 29 Feb 2024
' Filename   : /mnt/c/Users/ygarnier/open_pnr_validation/Epic_DATALMP_11405_Additional_OpenPNR_fields_for_Order_Codeshare/Epic_DATALMP_11405_Additional_OpenPNR_fields_for_Order_Codeshare/Scripts/Associated_PNRs/Split/split_child_PNR.cry
'----------------------------------------------------------------------

''Initialize:
import json
from lib.openpnr import extract_binary_payload
from lib.json_match import assert_equal, assert_found, assert_not_found, parse_json

execfile(global_regression.TTS_RootDir + '/data/data_' + global_regression.TEST_SYSTEM + '.py')

TTS_OK = TTServer.currentMessage.TTS_MATCH_COMPARISON_OK
TTS_KO = TTServer.currentMessage.TTS_MATCH_COMPARISON_FAILURE

# As the specific conditions to evaluate depend on the test, the comparison function is in the individual script
# In case of match error, find the error details in TTS logs (not available in .log or in .rex file)
# Variables defined in data files (e.g., test user data) or in the current scripts (e.g., recloc)
# are directly available from inside the function.
def validate_openpnr(openpnr_json):
    try:
        openpnr = parse_json(openpnr_json)
        for field in ['id', 'reference', 'creation', 'travelers', 'products']:
            assert_found(field, container=openpnr)

        expected_openpnr_id = recloc + '-' + today
        assert_equal(actual=openpnr['id'], expected=expected_openpnr_id, item_name='OpenPNR id field')
        assert_not_found('creation/date', container=openpnr)
        assert_found('creation/dateTime', container=openpnr)
        assert_found('creation/pointOfSale/office/id', container=openpnr)
        assert_equal(expected=test_user_1A_extended_office, actual=openpnr['creation']['pointOfSale']['office']['id'], item_name='creator office')

        assert_equal(actual=len(openpnr['associatedPnrs']), expected=1, item_name='number of associatedPnrs')
        associatedPnrs_1 = openpnr['associatedPnrs'][0]
        assert_equal(actual=associatedPnrs_1['reference'], expected=recloc2, item_name='RECLOC reference')
        assert_equal(actual=associatedPnrs_1['associationType'], expected="SPLIT", item_name='associationType')
        assert_equal(actual=associatedPnrs_1['direction'], expected="CHILD", item_name='direction')

    except Exception as e:
        print('OpenPNR validation failed: {}'.format(e))
        return TTS_KO

    print('OpenPNR validation successful')
    return TTS_OK

''End
'**********************************************************************
' Sent at      09:42:21.969666 - 29 Feb 2024
' Filename     /mnt/c/Users/ygarnier/open_pnr_validation/Epic_DATALMP_11405_Additional_OpenPNR_fields_for_Order_Codeshare/Epic_DATALMP_11405_Additional_OpenPNR_fields_for_Order_Codeshare/Scripts/Associated_PNRs/Split/split_child_PNR.cry
' Message      1 -  . 
' Size         2 bytes
' Reply needed yes
'----------------------------------------------------------------------
IG

'**********************************************************************
' Received at  09:42:22.019892 - 29 Feb 2024
' Filename     /mnt/c/Users/ygarnier/open_pnr_validation/Epic_DATALMP_11405_Additional_OpenPNR_fields_for_Order_Codeshare/Epic_DATALMP_11405_Additional_OpenPNR_fields_for_Order_Codeshare/Scripts/Associated_PNRs/Split/split_child_PNR.cry
' Match        N/A
' Message      1 -  . 
' Size         9 bytes
'----------------------------------------------------------------------
''Response:
''SIGN IN&
''>
''End of response

'**********************************************************************
' Sent at      09:42:22.020457 - 29 Feb 2024
' Filename     /mnt/c/Users/ygarnier/open_pnr_validation/Epic_DATALMP_11405_Additional_OpenPNR_fields_for_Order_Codeshare/Epic_DATALMP_11405_Additional_OpenPNR_fields_for_Order_Codeshare/Scripts/Associated_PNRs/Split/split_child_PNR.cry
' Message      2 -  . 
' Size         2 bytes
' Reply needed yes
'----------------------------------------------------------------------
JO

'**********************************************************************
' Received at  09:42:22.076106 - 29 Feb 2024
' Filename     /mnt/c/Users/ygarnier/open_pnr_validation/Epic_DATALMP_11405_Additional_OpenPNR_fields_for_Order_Codeshare/Epic_DATALMP_11405_Additional_OpenPNR_fields_for_Order_Codeshare/Scripts/Associated_PNRs/Split/split_child_PNR.cry
' Match        N/A
' Message      2 -  . 
' Size         9 bytes
'----------------------------------------------------------------------
''Response:
''SIGN IN&
''>
''End of response

'**********************************************************************
' Sent at      09:42:22.076663 - 29 Feb 2024
' Filename     /mnt/c/Users/ygarnier/open_pnr_validation/Epic_DATALMP_11405_Additional_OpenPNR_fields_for_Order_Codeshare/Epic_DATALMP_11405_Additional_OpenPNR_fields_for_Order_Codeshare/Scripts/Associated_PNRs/Split/split_child_PNR.cry
' Message      3 -  . 
' Size         2 bytes
' Reply needed yes
'----------------------------------------------------------------------
JD

'**********************************************************************
' Received at  09:42:22.350004 - 29 Feb 2024
' Filename     /mnt/c/Users/ygarnier/open_pnr_validation/Epic_DATALMP_11405_Additional_OpenPNR_fields_for_Order_Codeshare/Epic_DATALMP_11405_Additional_OpenPNR_fields_for_Order_Codeshare/Scripts/Associated_PNRs/Split/split_child_PNR.cry
' Match        N/A
' Message      3 -  . 
' Size         387 bytes
'----------------------------------------------------------------------
''Response:
''&
''09CC2B44         NCE1A0955&
''&
''AREA  TM  MOD SG/DT.LG TIME      ACT.Q   STATUS     NAME&
''A                       24             NOT SIGNED&
''B                                      NOT SIGNED&
''C                                      NOT SIGNED&
''D                                      NOT SIGNED&
''E                                      NOT SIGNED&
''F                                      NOT SIGNED&
''>
''End of response

'> 1. Sign in with test_user_1A_sign in office test_user_1A_office
'**********************************************************************
' Sent at      09:42:22.350443 - 29 Feb 2024
' Filename     /mnt/c/Users/ygarnier/open_pnr_validation/Epic_DATALMP_11405_Additional_OpenPNR_fields_for_Order_Codeshare/Epic_DATALMP_11405_Additional_OpenPNR_fields_for_Order_Codeshare/Scripts/Associated_PNRs/Split/split_child_PNR.cry
' Message      4 -  . 
' Size         16 bytes
' Reply needed yes
'----------------------------------------------------------------------
OK-WE/L-09CC2B44

'**********************************************************************
' Received at  09:42:22.407476 - 29 Feb 2024
' Filename     /mnt/c/Users/ygarnier/open_pnr_validation/Epic_DATALMP_11405_Additional_OpenPNR_fields_for_Order_Codeshare/Epic_DATALMP_11405_Additional_OpenPNR_fields_for_Order_Codeshare/Scripts/Associated_PNRs/Split/split_child_PNR.cry
' Match        N/A
' Message      4 -  . 
' Size         85 bytes
'----------------------------------------------------------------------
''Response:
''  NETWORK 09 SUB-SYS FE DELETION LIST&
''     CC2B44    DELETED OK&
''  DELETION FINISHED&
''>
''End of response

''WAIT:2
'**********************************************************************
' Sent at      09:42:24.422577 - 29 Feb 2024
' Filename     /mnt/c/Users/ygarnier/open_pnr_validation/Epic_DATALMP_11405_Additional_OpenPNR_fields_for_Order_Codeshare/Epic_DATALMP_11405_Additional_OpenPNR_fields_for_Order_Codeshare/Scripts/Associated_PNRs/Split/split_child_PNR.cry
' Message      5 -  . 
' Size         63 bytes
' Reply needed yes
'----------------------------------------------------------------------
OK-WY/C-C5AGY/W-AMAD/S-80X22/O-NCE1A0950/T-NCE/A-NCE/L-09CC2B44

'**********************************************************************
' Received at  09:42:24.478561 - 29 Feb 2024
' Filename     /mnt/c/Users/ygarnier/open_pnr_validation/Epic_DATALMP_11405_Additional_OpenPNR_fields_for_Order_Codeshare/Epic_DATALMP_11405_Additional_OpenPNR_fields_for_Order_Codeshare/Scripts/Associated_PNRs/Split/split_child_PNR.cry
' Match        N/A
' Message      5 -  . 
' Size         46 bytes
'----------------------------------------------------------------------
''Response:
''&
''LEIDS:   CC2B44&
''INITIALIZED FOR: NETWORK 09&
''>
''End of response

'**********************************************************************
' Sent at      09:42:24.479461 - 29 Feb 2024
' Filename     /mnt/c/Users/ygarnier/open_pnr_validation/Epic_DATALMP_11405_Additional_OpenPNR_fields_for_Order_Codeshare/Epic_DATALMP_11405_Additional_OpenPNR_fields_for_Order_Codeshare/Scripts/Associated_PNRs/Split/split_child_PNR.cry
' Message      6 -  . 
' Size         39 bytes
' Reply needed yes
'----------------------------------------------------------------------
Jia0447YG/SU.NCE6X0100-Yoanntesting123+

'**********************************************************************
' Received at  09:42:24.752401 - 29 Feb 2024
' Filename     /mnt/c/Users/ygarnier/open_pnr_validation/Epic_DATALMP_11405_Additional_OpenPNR_fields_for_Order_Codeshare/Epic_DATALMP_11405_Additional_OpenPNR_fields_for_Order_Codeshare/Scripts/Associated_PNRs/Split/split_child_PNR.cry
' Match        OK
' Message      6 -  . 
' Size         325 bytes
'----------------------------------------------------------------------
''Response:
''&
''A-SIGN COMPLETE/29FEB/SU&
''************  AMADEUS PRODUCT NEWS  ***********  SEE GGNEWS&
''AIR2 INSELAIR INTERNATIONAL (7I) ENJOYS ISM IASR GGNEWSAIR2&
''HTL  BALLADINS (BL) ENJOY HTL DYNAMIC ACCESS     GGNEWSHTL&
''AIR1 PULLMANTUR AIR (EB) ENJOYS AAS              GGNEWSAIR1&
''AIR  UTAIR UKRAINE (QU) ENJOYS AAS               GGNEWSAIR&
''>
''End of response

'> 2.Create a PNR with 2pax 1seg + APM
'**********************************************************************
' Sent at      09:42:24.755832 - 29 Feb 2024
' Filename     /mnt/c/Users/ygarnier/open_pnr_validation/Epic_DATALMP_11405_Additional_OpenPNR_fields_for_Order_Codeshare/Epic_DATALMP_11405_Additional_OpenPNR_fields_for_Order_Codeshare/Scripts/Associated_PNRs/Split/split_child_PNR.cry
' Message      7 -  . 
' Size         12 bytes
' Reply needed yes
'----------------------------------------------------------------------
NM1TVUL/BKUX

'**********************************************************************
' Received at  09:42:24.872110 - 29 Feb 2024
' Filename     /mnt/c/Users/ygarnier/open_pnr_validation/Epic_DATALMP_11405_Additional_OpenPNR_fields_for_Order_Codeshare/Epic_DATALMP_11405_Additional_OpenPNR_fields_for_Order_Codeshare/Scripts/Associated_PNRs/Split/split_child_PNR.cry
' Match        N/A
' Message      7 -  . 
' Size         29 bytes
'----------------------------------------------------------------------
''Response:
''RP/NCE6X0100/&
''  1.TVUL/BKUX&
''>
''End of response

'**********************************************************************
' Sent at      09:42:24.874747 - 29 Feb 2024
' Filename     /mnt/c/Users/ygarnier/open_pnr_validation/Epic_DATALMP_11405_Additional_OpenPNR_fields_for_Order_Codeshare/Epic_DATALMP_11405_Additional_OpenPNR_fields_for_Order_Codeshare/Scripts/Associated_PNRs/Split/split_child_PNR.cry
' Message      8 -  . 
' Size         12 bytes
' Reply needed yes
'----------------------------------------------------------------------
NM1GJEB/FOQB

'**********************************************************************
' Received at  09:42:24.991553 - 29 Feb 2024
' Filename     /mnt/c/Users/ygarnier/open_pnr_validation/Epic_DATALMP_11405_Additional_OpenPNR_fields_for_Order_Codeshare/Epic_DATALMP_11405_Additional_OpenPNR_fields_for_Order_Codeshare/Scripts/Associated_PNRs/Split/split_child_PNR.cry
' Match        N/A
' Message      8 -  . 
' Size         43 bytes
'----------------------------------------------------------------------
''Response:
''RP/NCE6X0100/&
''  1.GJEB/FOQB   2.TVUL/BKUX&
''>
''End of response

'**********************************************************************
' Sent at      09:42:24.993560 - 29 Feb 2024
' Filename     /mnt/c/Users/ygarnier/open_pnr_validation/Epic_DATALMP_11405_Additional_OpenPNR_fields_for_Order_Codeshare/Epic_DATALMP_11405_Additional_OpenPNR_fields_for_Order_Codeshare/Scripts/Associated_PNRs/Split/split_child_PNR.cry
' Message      9 -  . 
' Size         20 bytes
' Reply needed yes
'----------------------------------------------------------------------
SS6X402Y19APRFRALHR2

'**********************************************************************
' Received at  09:42:25.922071 - 29 Feb 2024
' Filename     /mnt/c/Users/ygarnier/open_pnr_validation/Epic_DATALMP_11405_Additional_OpenPNR_fields_for_Order_Codeshare/Epic_DATALMP_11405_Additional_OpenPNR_fields_for_Order_Codeshare/Scripts/Associated_PNRs/Split/split_child_PNR.cry
' Match        OK
' Message      9 -  . 
' Size         119 bytes
'----------------------------------------------------------------------
''Response:
''RP/NCE6X0100/&
''  1.GJEB/FOQB   2.TVUL/BKUX&
''  3  6X 402 Y 19APR 5 FRALHR DK2  1000 1100  19APR  E  0 320&
''     SEE RTSVC&
''>
''End of response

'**********************************************************************
' Sent at      09:42:25.922733 - 29 Feb 2024
' Filename     /mnt/c/Users/ygarnier/open_pnr_validation/Epic_DATALMP_11405_Additional_OpenPNR_fields_for_Order_Codeshare/Epic_DATALMP_11405_Additional_OpenPNR_fields_for_Order_Codeshare/Scripts/Associated_PNRs/Split/split_child_PNR.cry
' Message      10 -  . 
' Size         5 bytes
' Reply needed yes
'----------------------------------------------------------------------
RF CO

'**********************************************************************
' Received at  09:42:26.061071 - 29 Feb 2024
' Filename     /mnt/c/Users/ygarnier/open_pnr_validation/Epic_DATALMP_11405_Additional_OpenPNR_fields_for_Order_Codeshare/Epic_DATALMP_11405_Additional_OpenPNR_fields_for_Order_Codeshare/Scripts/Associated_PNRs/Split/split_child_PNR.cry
' Match        N/A
' Message      10 -  . 
' Size         125 bytes
'----------------------------------------------------------------------
''Response:
''RP/NCE6X0100/&
''RF CO&
''  1.GJEB/FOQB   2.TVUL/BKUX&
''  3  6X 402 Y 19APR 5 FRALHR DK2  1000 1100  19APR  E  0 320&
''     SEE RTSVC&
''>
''End of response

'**********************************************************************
' Sent at      09:42:26.061327 - 29 Feb 2024
' Filename     /mnt/c/Users/ygarnier/open_pnr_validation/Epic_DATALMP_11405_Additional_OpenPNR_fields_for_Order_Codeshare/Epic_DATALMP_11405_Additional_OpenPNR_fields_for_Order_Codeshare/Scripts/Associated_PNRs/Split/split_child_PNR.cry
' Message      11 -  . 
' Size         5 bytes
' Reply needed yes
'----------------------------------------------------------------------
AP OK

'**********************************************************************
' Received at  09:42:26.251363 - 29 Feb 2024
' Filename     /mnt/c/Users/ygarnier/open_pnr_validation/Epic_DATALMP_11405_Additional_OpenPNR_fields_for_Order_Codeshare/Epic_DATALMP_11405_Additional_OpenPNR_fields_for_Order_Codeshare/Scripts/Associated_PNRs/Split/split_child_PNR.cry
' Match        N/A
' Message      11 -  . 
' Size         135 bytes
'----------------------------------------------------------------------
''Response:
''RP/NCE6X0100/&
''RF CO&
''  1.GJEB/FOQB   2.TVUL/BKUX&
''  3  6X 402 Y 19APR 5 FRALHR DK2  1000 1100  19APR  E  0 320&
''     SEE RTSVC&
''  4 AP OK&
''>
''End of response

'**********************************************************************
' Sent at      09:42:26.251962 - 29 Feb 2024
' Filename     /mnt/c/Users/ygarnier/open_pnr_validation/Epic_DATALMP_11405_Additional_OpenPNR_fields_for_Order_Codeshare/Epic_DATALMP_11405_Additional_OpenPNR_fields_for_Order_Codeshare/Scripts/Associated_PNRs/Split/split_child_PNR.cry
' Message      12 -  . 
' Size         4 bytes
' Reply needed yes
'----------------------------------------------------------------------
TKOK

'**********************************************************************
' Received at  09:42:26.395343 - 29 Feb 2024
' Filename     /mnt/c/Users/ygarnier/open_pnr_validation/Epic_DATALMP_11405_Additional_OpenPNR_fields_for_Order_Codeshare/Epic_DATALMP_11405_Additional_OpenPNR_fields_for_Order_Codeshare/Scripts/Associated_PNRs/Split/split_child_PNR.cry
' Match        N/A
' Message      12 -  . 
' Size         160 bytes
'----------------------------------------------------------------------
''Response:
''RP/NCE6X0100/&
''RF CO&
''  1.GJEB/FOQB   2.TVUL/BKUX&
''  3  6X 402 Y 19APR 5 FRALHR DK2  1000 1100  19APR  E  0 320&
''     SEE RTSVC&
''  4 AP OK&
''  5 TK OK29FEB/NCE6X0100&
''>
''End of response

'> End-transact & check for completion
'**********************************************************************
' Sent at      09:42:26.396938 - 29 Feb 2024
' Filename     /mnt/c/Users/ygarnier/open_pnr_validation/Epic_DATALMP_11405_Additional_OpenPNR_fields_for_Order_Codeshare/Epic_DATALMP_11405_Additional_OpenPNR_fields_for_Order_Codeshare/Scripts/Associated_PNRs/Split/split_child_PNR.cry
' Message      13 -  . 
' Size         2 bytes
' Reply needed yes
'----------------------------------------------------------------------
ER

'**********************************************************************
' Received at  09:42:27.003100 - 29 Feb 2024
' Filename     /mnt/c/Users/ygarnier/open_pnr_validation/Epic_DATALMP_11405_Additional_OpenPNR_fields_for_Order_Codeshare/Epic_DATALMP_11405_Additional_OpenPNR_fields_for_Order_Codeshare/Scripts/Associated_PNRs/Split/split_child_PNR.cry
' Match        N/A
' Message      13 -  . 
' Size         205 bytes
'----------------------------------------------------------------------
''Response:
''--- RLR ---&
''RP/NCE6X0100/NCE6X0100            YG/SU  29FEB24/0842Z   JZUH4I&
''  1.GJEB/FOQB   2.TVUL/BKUX&
''  3  6X 402 Y 19APR 5 FRALHR HK2  1000 1100  19APR  E  6X/JZUH4I&
''  4 AP OK&
''  5 TK OK29FEB/NCE6X0100&
''>
''End of response

''WAIT:5
'**********************************************************************
' Sent at      09:42:32.004806 - 29 Feb 2024
' Filename     /mnt/c/Users/ygarnier/open_pnr_validation/Epic_DATALMP_11405_Additional_OpenPNR_fields_for_Order_Codeshare/Epic_DATALMP_11405_Additional_OpenPNR_fields_for_Order_Codeshare/Scripts/Associated_PNRs/Split/split_child_PNR.cry
' Message      14 -  . 
' Size         2 bytes
' Reply needed yes
'----------------------------------------------------------------------
IR

'**********************************************************************
' Received at  09:42:32.374254 - 29 Feb 2024
' Filename     /mnt/c/Users/ygarnier/open_pnr_validation/Epic_DATALMP_11405_Additional_OpenPNR_fields_for_Order_Codeshare/Epic_DATALMP_11405_Additional_OpenPNR_fields_for_Order_Codeshare/Scripts/Associated_PNRs/Split/split_child_PNR.cry
' Match        OK
' Message      14 -  . 
' Size         390 bytes
'----------------------------------------------------------------------
''Response:
''--- RLR ---&
''RP/NCE6X0100/NCE6X0100            AA/SU  29FEB24/0842Z   JZUH4I&
''  1.GJEB/FOQB   2.TVUL/BKUX&
''  3  6X 402 Y 19APR 5 FRALHR HK2  1000 1100  19APR  E  6X/JZUH4I&
''  4 AP OK&
''  5 TK OK29FEB/NCE6X0100&
''  6 OPW-01MAR:2300/1C7/6X REQUIRES TICKET ON OR BEFORE&
''        02MAR:2300 NCE TIME ZONE/TKT/S3&
''  7 OPC-02MAR:2300/1C8/6X CANCELLATION DUE TO NO TICKET NCE TIME&
''        ZONE/TKT/S3/P1-2&
''>
''End of response

'**********************************************************************
' Sent at      09:42:32.375942 - 29 Feb 2024
' Filename     /mnt/c/Users/ygarnier/open_pnr_validation/Epic_DATALMP_11405_Additional_OpenPNR_fields_for_Order_Codeshare/Epic_DATALMP_11405_Additional_OpenPNR_fields_for_Order_Codeshare/Scripts/Associated_PNRs/Split/split_child_PNR.cry
' Message      15 -  . 
' Size         3 bytes
' Reply needed yes
'----------------------------------------------------------------------
SP1

'**********************************************************************
' Received at  09:42:32.606371 - 29 Feb 2024
' Filename     /mnt/c/Users/ygarnier/open_pnr_validation/Epic_DATALMP_11405_Additional_OpenPNR_fields_for_Order_Codeshare/Epic_DATALMP_11405_Additional_OpenPNR_fields_for_Order_Codeshare/Scripts/Associated_PNRs/Split/split_child_PNR.cry
' Match        OK
' Message      15 -  . 
' Size         422 bytes
'----------------------------------------------------------------------
''Response:
''--- RLR ---&
''-ASSOCIATE PNR-&
''RP/NCE6X0100/NCE6X0100            AA/SU  29FEB24/0842Z   XXXXXX&
''  1.GJEB/FOQB&
''  2  6X 402 Y 19APR 5 FRALHR HK1  1000 1100  19APR  E  6X/JZUH4I&
''  3 AP OK&
''  4 TK OK29FEB/NCE6X0100&
''  5 OPW-01MAR:2300/1C7/6X REQUIRES TICKET ON OR BEFORE&
''        02MAR:2300 NCE TIME ZONE/TKT/S2&
''  6 OPC-02MAR:2300/1C8/6X CANCELLATION DUE TO NO TICKET NCE TIME&
''        ZONE/TKT/S2&
''  * SP 29FEB/YGSU/NCE6X0100-JZUH4I&
''>
''End of response

'**********************************************************************
' Sent at      09:42:32.609385 - 29 Feb 2024
' Filename     /mnt/c/Users/ygarnier/open_pnr_validation/Epic_DATALMP_11405_Additional_OpenPNR_fields_for_Order_Codeshare/Epic_DATALMP_11405_Additional_OpenPNR_fields_for_Order_Codeshare/Scripts/Associated_PNRs/Split/split_child_PNR.cry
' Message      16 -  . 
' Size         2 bytes
' Reply needed yes
'----------------------------------------------------------------------
EF

'**********************************************************************
' Received at  09:42:32.843961 - 29 Feb 2024
' Filename     /mnt/c/Users/ygarnier/open_pnr_validation/Epic_DATALMP_11405_Additional_OpenPNR_fields_for_Order_Codeshare/Epic_DATALMP_11405_Additional_OpenPNR_fields_for_Order_Codeshare/Scripts/Associated_PNRs/Split/split_child_PNR.cry
' Match        OK
' Message      16 -  . 
' Size         419 bytes
'----------------------------------------------------------------------
''Response:
''--- RLR ---&
''-PARENT PNR-&
''RP/NCE6X0100/NCE6X0100            AA/SU  29FEB24/0842Z   JZUH4I&
''  1.TVUL/BKUX&
''  2  6X 402 Y 19APR 5 FRALHR HK1  1000 1100  19APR  E  6X/JZUH4I&
''  3 AP OK&
''  4 TK OK29FEB/NCE6X0100&
''  5 OPW-01MAR:2300/1C7/6X REQUIRES TICKET ON OR BEFORE&
''        02MAR:2300 NCE TIME ZONE/TKT/S2&
''  6 OPC-02MAR:2300/1C8/6X CANCELLATION DUE TO NO TICKET NCE TIME&
''        ZONE/TKT/S2&
''  * SP 29FEB/YGSU/NCE6X0100-JZV264&
''>
''End of response

'**********************************************************************
' Sent at      09:42:32.847735 - 29 Feb 2024
' Filename     /mnt/c/Users/ygarnier/open_pnr_validation/Epic_DATALMP_11405_Additional_OpenPNR_fields_for_Order_Codeshare/Epic_DATALMP_11405_Additional_OpenPNR_fields_for_Order_Codeshare/Scripts/Associated_PNRs/Split/split_child_PNR.cry
' Message      17 -  . 
' Size         2 bytes
' Reply needed yes
'----------------------------------------------------------------------
ER

'**********************************************************************
' Received at  09:42:34.094651 - 29 Feb 2024
' Filename     /mnt/c/Users/ygarnier/open_pnr_validation/Epic_DATALMP_11405_Additional_OpenPNR_fields_for_Order_Codeshare/Epic_DATALMP_11405_Additional_OpenPNR_fields_for_Order_Codeshare/Scripts/Associated_PNRs/Split/split_child_PNR.cry
' Match        N/A
' Message      17 -  . 
' Size         410 bytes
'----------------------------------------------------------------------
''Response:
''--- AXR RLR ---&
''RP/NCE6X0100/NCE6X0100            YG/SU  29FEB24/0842Z   JZUH4I&
''  1.TVUL/BKUX&
''  2  6X 402 Y 19APR 5 FRALHR HK1  1000 1100  19APR  E  6X/JZUH4I&
''  3 AP OK&
''  4 TK OK29FEB/NCE6X0100&
''  5 OPW-01MAR:2300/1C7/6X REQUIRES TICKET ON OR BEFORE&
''        02MAR:2300 NCE TIME ZONE/TKT/S2&
''  6 OPC-02MAR:2300/1C8/6X CANCELLATION DUE TO NO TICKET NCE TIME&
''        ZONE/TKT/S2&
''  * SP 29FEB/YGSU/NCE6X0100-JZV264&
''>
''End of response

''WAIT:5
''Conversation: edi

'**********************************************************************
' Sent at      09:42:39.141442 - 29 Feb 2024
' Filename     /mnt/c/Users/ygarnier/open_pnr_validation/Epic_DATALMP_11405_Additional_OpenPNR_fields_for_Order_Codeshare/Epic_DATALMP_11405_Additional_OpenPNR_fields_for_Order_Codeshare/Scripts/Associated_PNRs/Split/split_child_PNR.cry
' Message      18 - PNRRET 14.2 1A
' Size         169 bytes
' Reply needed yes
'----------------------------------------------------------------------
UNB+IATB:1+TESAPI3+1AAPITES3+240229:0842+00LH2172WV0001+++S'&
UNH+1+PNRRET:14:2:1A+09CC2B44'&
ORG+00+:NCE1A0950+++++A0447YGSU'&
RET+2'&
RCI+:JZUH4I'&
UNT+5+1'&
UNZ+1+00LH2172WV0001'

'**********************************************************************
' Received at  09:42:39.333295 - 29 Feb 2024
' Filename     /mnt/c/Users/ygarnier/open_pnr_validation/Epic_DATALMP_11405_Additional_OpenPNR_fields_for_Order_Codeshare/Epic_DATALMP_11405_Additional_OpenPNR_fields_for_Order_Codeshare/Scripts/Associated_PNRs/Split/split_child_PNR.cry
' Match        OK
' Message      18 - PNRACC 14.2 1A
' Size         969 bytes
'----------------------------------------------------------------------
''Response:
''UNB+IATB:1+1AAPITES3+TESAPI3+240229:0842+0187YOABP90001+00LH2172WV0001++E'&
''UNH+1+PNRACC:14:2:1A+09CC2B44'&
''RCI+1A:JZUH4I::290224:0842'&
''RSI+RP:YGSU:NCE6X0100:00631002+NCE6X0100+NCE+NCE6X0100:0447YG:290224:00631002:0842'&
''LFT+3:P12+--- AXR RLR ---'&
''STX+AXR*RLR'&
''UID+00631002:NCE6X0100+A'&
''SYS++6X:NCE'&
''PRE+FR'&
''UID+00631002:NCE6X0100+A'&
''SYS++6X:NCE'&
''PRE+FR'&
''UID+00631002:NCE6X0100+A'&
''SYS++6X:NCE'&
''PRE+FR'&
''SEQ++5'&
''PNH++4'&
''SDI+++2024:4:23'&
''EMS++PT:1+NM+1'&
''TIF+TVUL::1+BKUX'&
''ETI+:1+UN:Y:Y::TVUL:BKUX'&
''ODI'&
''EMS++ST:1+AIR+2'&
''TVL+190424:1000:190424:1100+FRA+LHR+6X+402:Y+ET'&
''MSG+1'&
''RCI+6X:JZUH4I'&
''RPI+1+HK'&
''APD+320:0:::5'&
''SDT+P2'&
''DUM'&
''DUM'&
''EMS++OT:3+AP+3'&
''LFT+3:5+OK'&
''EMS++OT:4+TK+4'&
''TKE++OK:290224::NCE6X0100'&
''EMS++OT:9+OPW+5'&
''OPE+NCE6X0100:010324:1:7:6X REQUIRES TICKET ON OR BEFORE 02MAR\:2300 NCE TIME ZONE::2300'&
''REF+ST:1'&
''EMS++OT:8+OPC+6'&
''OPE+NCE6X0100:020324:1:8:6X CANCELLATION DUE TO NO TICKET NCE TIME ZONE::2300'&
''REF+ST:1*PT:1'&
''EMS+++SP'&
''RCI+1A:JZV264:S:290224'&
''RSI+SP:YGSU:NCE6X0100'&
''UNT+44+1'&
''UNZ+1+0187YOABP90001'
''End of response

'**********************************************************************
' Sent at      09:42:39.337865 - 29 Feb 2024
' Filename     
' Message      19 - APSINQ 94.2 IA
' Size         141 bytes
' Comment      Automatic message to close the conversation in established mode
' Reply needed yes
'----------------------------------------------------------------------
UNB+IATB:1+TESAPI3+1AAPITES3+240229:0842+00LH2172WV0002+0187YOABP90001++T'&
UNH+1+APSINQ:94:2:IA+09CC2B44'&
MAP+++a'&
UNT+3+1'&
UNZ+1+00LH2172WV0002'

'**********************************************************************
' Received at  09:42:39.420318 - 29 Feb 2024
' Filename     /mnt/c/Users/ygarnier/open_pnr_validation/Epic_DATALMP_11405_Additional_OpenPNR_fields_for_Order_Codeshare/Epic_DATALMP_11405_Additional_OpenPNR_fields_for_Order_Codeshare/Scripts/Associated_PNRs/Split/split_child_PNR.cry
' Match        N/A
' Message      19 - CONTRL 2.1 UN
' Size         197 bytes
'----------------------------------------------------------------------
''Response:
''UNB+IATB:1+1AAPITES3+TESAPI3+240229:0842+0187YOABP90002+00LH2172WV0002++T'&
''UNH+1+CONTRL:2:1:UN+09CC2B44'&
''UCI+00LH2172WV0002+TESAPI3+1AAPITES3+7'&
''UCM+1+APSINQ:94:2:IA+4+42'&
''UNT+4+1'&
''UNZ+1+0187YOABP90002'
''End of response

''Conversation: pub

'Fatal Error (,line 1) 
Can not establish connection on host: 172.17.205.133 with port:10769 Error code: 128 Error message: Failed to connect the socket, last system error 111: Connection refused timeout 5000000000


'----------------------------------------------------------------------
' Statistics
'----------------------------------------------------------------------
' Messages in          : 19
' Bytes in             : 0Mb 4Kb 388b
' Messages out         : 19
' Bytes out            : 0Mb 0Kb 503b

' Conversations        : 2
' Transactions         : 19
' Transactions parsed  : 18
' Ratio                : 0.947368

' Total duration       : 0h 0min 19s 737.1ms
' Parse duration       : 0h 0min 0s 1.201ms (0 %)
' Wait duration        : 0h 0min 5s 348.186ms (27 %)

' Number of Timeouts   : 0
' Messages compared    : 6
' Errors found         : 0
' Python errors found         : 0
' No match counter     : 0
