' Log report : 13:51:08.655333 - 07 Mar 2024
' Filename   : /mnt/c/Users/ygarnier/open_pnr_validation/Epic_DATALMP_11405_Additional_OpenPNR_fields_for_Order_Codeshare/Epic_DATALMP_11405_Additional_OpenPNR_fields_for_Order_Codeshare/Scripts/Associated_PNRs/Codeshare/non_1A_codeshare_Feed.cry
'----------------------------------------------------------------------

''Initialize:
import json
from lib.openpnr import extract_binary_payload
from lib.json_match import assert_equal, assert_found, assert_not_found, parse_json

execfile(global_regression.TTS_RootDir + '/data/data_' + global_regression.TEST_SYSTEM + '.py')

TTS_OK = TTServer.currentMessage.TTS_MATCH_COMPARISON_OK
TTS_KO = TTServer.currentMessage.TTS_MATCH_COMPARISON_FAILURE

# As the specific conditions to evaluate depend on the test, the comparison function is in the individual script
# In case of match error, find the error details in TTS logs (not available in .log or in .rex file)
# Variables defined in data files (e.g., test user data) or in the current scripts (e.g., recloc)
# are directly available from inside the function.
def validate_openpnr(openpnr_json):
    try:
        openpnr = parse_json(openpnr_json)
        for field in ['id', 'reference', 'creation', 'travelers', 'products']:
            assert_found(field, container=openpnr)

        expected_openpnr_id = recloc + '-' + today
        assert_equal(actual=openpnr['id'], expected=expected_openpnr_id, item_name='OpenPNR id field')
        assert_not_found('creation/date', container=openpnr)
        assert_found('creation/dateTime', container=openpnr)
        assert_found('creation/pointOfSale/office/id', container=openpnr)
        assert_equal(expected=test_user_1A_extended_office, actual=openpnr['creation']['pointOfSale']['office']['id'], item_name='creator office')

        assert_equal(actual=len(openpnr['travelers']), expected=1, item_name='number of travelers')
        traveler_1 = openpnr['travelers'][0]
        assert_found('names[0]/firstName', container=traveler_1)
        assert_equal(actual=traveler_1['names'][0]['firstName'], expected=Pax1.first_name, item_name='passenger first name')


    except Exception as e:
        print('OpenPNR validation failed: {}'.format(e))
        return TTS_KO

    print('OpenPNR validation successful')
    return TTS_OK

''End
'**********************************************************************
' Sent at      13:51:08.664530 - 07 Mar 2024
' Filename     /mnt/c/Users/ygarnier/open_pnr_validation/Epic_DATALMP_11405_Additional_OpenPNR_fields_for_Order_Codeshare/Epic_DATALMP_11405_Additional_OpenPNR_fields_for_Order_Codeshare/Scripts/Associated_PNRs/Codeshare/non_1A_codeshare_Feed.cry
' Message      1 -  . 
' Size         2 bytes
' Reply needed yes
'----------------------------------------------------------------------
IG

'**********************************************************************
' Received at  13:51:08.709431 - 07 Mar 2024
' Filename     /mnt/c/Users/ygarnier/open_pnr_validation/Epic_DATALMP_11405_Additional_OpenPNR_fields_for_Order_Codeshare/Epic_DATALMP_11405_Additional_OpenPNR_fields_for_Order_Codeshare/Scripts/Associated_PNRs/Codeshare/non_1A_codeshare_Feed.cry
' Match        N/A
' Message      1 -  . 
' Size         9 bytes
'----------------------------------------------------------------------
''Response:
''SIGN IN&
''>
''End of response

'**********************************************************************
' Sent at      13:51:08.710063 - 07 Mar 2024
' Filename     /mnt/c/Users/ygarnier/open_pnr_validation/Epic_DATALMP_11405_Additional_OpenPNR_fields_for_Order_Codeshare/Epic_DATALMP_11405_Additional_OpenPNR_fields_for_Order_Codeshare/Scripts/Associated_PNRs/Codeshare/non_1A_codeshare_Feed.cry
' Message      2 -  . 
' Size         2 bytes
' Reply needed yes
'----------------------------------------------------------------------
JO

'**********************************************************************
' Received at  13:51:08.759068 - 07 Mar 2024
' Filename     /mnt/c/Users/ygarnier/open_pnr_validation/Epic_DATALMP_11405_Additional_OpenPNR_fields_for_Order_Codeshare/Epic_DATALMP_11405_Additional_OpenPNR_fields_for_Order_Codeshare/Scripts/Associated_PNRs/Codeshare/non_1A_codeshare_Feed.cry
' Match        N/A
' Message      2 -  . 
' Size         9 bytes
'----------------------------------------------------------------------
''Response:
''SIGN IN&
''>
''End of response

'**********************************************************************
' Sent at      13:51:08.759361 - 07 Mar 2024
' Filename     /mnt/c/Users/ygarnier/open_pnr_validation/Epic_DATALMP_11405_Additional_OpenPNR_fields_for_Order_Codeshare/Epic_DATALMP_11405_Additional_OpenPNR_fields_for_Order_Codeshare/Scripts/Associated_PNRs/Codeshare/non_1A_codeshare_Feed.cry
' Message      3 -  . 
' Size         2 bytes
' Reply needed yes
'----------------------------------------------------------------------
JD

'**********************************************************************
' Received at  13:51:08.863297 - 07 Mar 2024
' Filename     /mnt/c/Users/ygarnier/open_pnr_validation/Epic_DATALMP_11405_Additional_OpenPNR_fields_for_Order_Codeshare/Epic_DATALMP_11405_Additional_OpenPNR_fields_for_Order_Codeshare/Scripts/Associated_PNRs/Codeshare/non_1A_codeshare_Feed.cry
' Match        N/A
' Message      3 -  . 
' Size         387 bytes
'----------------------------------------------------------------------
''Response:
''&
''09CC2B44         NCE1A0955&
''&
''AREA  TM  MOD SG/DT.LG TIME      ACT.Q   STATUS     NAME&
''A                       24             NOT SIGNED&
''B                                      NOT SIGNED&
''C                                      NOT SIGNED&
''D                                      NOT SIGNED&
''E                                      NOT SIGNED&
''F                                      NOT SIGNED&
''>
''End of response

'> 1. Sign in with test_user_1A_sign in office test_user_1A_office
'**********************************************************************
' Sent at      13:51:08.864298 - 07 Mar 2024
' Filename     /mnt/c/Users/ygarnier/open_pnr_validation/Epic_DATALMP_11405_Additional_OpenPNR_fields_for_Order_Codeshare/Epic_DATALMP_11405_Additional_OpenPNR_fields_for_Order_Codeshare/Scripts/Associated_PNRs/Codeshare/non_1A_codeshare_Feed.cry
' Message      4 -  . 
' Size         16 bytes
' Reply needed yes
'----------------------------------------------------------------------
OK-WE/L-09CC2B44

'**********************************************************************
' Received at  13:51:08.914226 - 07 Mar 2024
' Filename     /mnt/c/Users/ygarnier/open_pnr_validation/Epic_DATALMP_11405_Additional_OpenPNR_fields_for_Order_Codeshare/Epic_DATALMP_11405_Additional_OpenPNR_fields_for_Order_Codeshare/Scripts/Associated_PNRs/Codeshare/non_1A_codeshare_Feed.cry
' Match        N/A
' Message      4 -  . 
' Size         85 bytes
'----------------------------------------------------------------------
''Response:
''  NETWORK 09 SUB-SYS FE DELETION LIST&
''     CC2B44    DELETED OK&
''  DELETION FINISHED&
''>
''End of response

''WAIT:2
'**********************************************************************
' Sent at      13:51:10.928454 - 07 Mar 2024
' Filename     /mnt/c/Users/ygarnier/open_pnr_validation/Epic_DATALMP_11405_Additional_OpenPNR_fields_for_Order_Codeshare/Epic_DATALMP_11405_Additional_OpenPNR_fields_for_Order_Codeshare/Scripts/Associated_PNRs/Codeshare/non_1A_codeshare_Feed.cry
' Message      5 -  . 
' Size         63 bytes
' Reply needed yes
'----------------------------------------------------------------------
OK-WY/C-C5AGY/W-AMAD/S-80X22/O-NCE1A0950/T-NCE/A-NCE/L-09CC2B44

'**********************************************************************
' Received at  13:51:10.979335 - 07 Mar 2024
' Filename     /mnt/c/Users/ygarnier/open_pnr_validation/Epic_DATALMP_11405_Additional_OpenPNR_fields_for_Order_Codeshare/Epic_DATALMP_11405_Additional_OpenPNR_fields_for_Order_Codeshare/Scripts/Associated_PNRs/Codeshare/non_1A_codeshare_Feed.cry
' Match        N/A
' Message      5 -  . 
' Size         46 bytes
'----------------------------------------------------------------------
''Response:
''&
''LEIDS:   CC2B44&
''INITIALIZED FOR: NETWORK 09&
''>
''End of response

'**********************************************************************
' Sent at      13:51:10.981372 - 07 Mar 2024
' Filename     /mnt/c/Users/ygarnier/open_pnr_validation/Epic_DATALMP_11405_Additional_OpenPNR_fields_for_Order_Codeshare/Epic_DATALMP_11405_Additional_OpenPNR_fields_for_Order_Codeshare/Scripts/Associated_PNRs/Codeshare/non_1A_codeshare_Feed.cry
' Message      6 -  . 
' Size         39 bytes
' Reply needed yes
'----------------------------------------------------------------------
Jia0447YG/SU.NCE6X0100-Yoanntesting123+

'**********************************************************************
' Received at  13:51:11.140001 - 07 Mar 2024
' Filename     /mnt/c/Users/ygarnier/open_pnr_validation/Epic_DATALMP_11405_Additional_OpenPNR_fields_for_Order_Codeshare/Epic_DATALMP_11405_Additional_OpenPNR_fields_for_Order_Codeshare/Scripts/Associated_PNRs/Codeshare/non_1A_codeshare_Feed.cry
' Match        OK
' Message      6 -  . 
' Size         325 bytes
'----------------------------------------------------------------------
''Response:
''&
''A-SIGN COMPLETE/07MAR/SU&
''************  AMADEUS PRODUCT NEWS  ***********  SEE GGNEWS&
''AIR2 INSELAIR INTERNATIONAL (7I) ENJOYS ISM IASR GGNEWSAIR2&
''HTL  BALLADINS (BL) ENJOY HTL DYNAMIC ACCESS     GGNEWSHTL&
''AIR1 PULLMANTUR AIR (EB) ENJOYS AAS              GGNEWSAIR1&
''AIR  UTAIR UKRAINE (QU) ENJOYS AAS               GGNEWSAIR&
''>
''End of response

'> 2.Create a PNR with 2pax 1seg + APM
'**********************************************************************
' Sent at      13:51:11.141109 - 07 Mar 2024
' Filename     /mnt/c/Users/ygarnier/open_pnr_validation/Epic_DATALMP_11405_Additional_OpenPNR_fields_for_Order_Codeshare/Epic_DATALMP_11405_Additional_OpenPNR_fields_for_Order_Codeshare/Scripts/Associated_PNRs/Codeshare/non_1A_codeshare_Feed.cry
' Message      7 -  . 
' Size         12 bytes
' Reply needed yes
'----------------------------------------------------------------------
NM1ALZP/MJKS

'**********************************************************************
' Received at  13:51:11.244182 - 07 Mar 2024
' Filename     /mnt/c/Users/ygarnier/open_pnr_validation/Epic_DATALMP_11405_Additional_OpenPNR_fields_for_Order_Codeshare/Epic_DATALMP_11405_Additional_OpenPNR_fields_for_Order_Codeshare/Scripts/Associated_PNRs/Codeshare/non_1A_codeshare_Feed.cry
' Match        N/A
' Message      7 -  . 
' Size         29 bytes
'----------------------------------------------------------------------
''Response:
''RP/NCE6X0100/&
''  1.ALZP/MJKS&
''>
''End of response

'**********************************************************************
' Sent at      13:51:11.245719 - 07 Mar 2024
' Filename     /mnt/c/Users/ygarnier/open_pnr_validation/Epic_DATALMP_11405_Additional_OpenPNR_fields_for_Order_Codeshare/Epic_DATALMP_11405_Additional_OpenPNR_fields_for_Order_Codeshare/Scripts/Associated_PNRs/Codeshare/non_1A_codeshare_Feed.cry
' Message      8 -  . 
' Size         21 bytes
' Reply needed yes
'----------------------------------------------------------------------
SSSN9009Y29APRCDGEWR1

'**********************************************************************
' Received at  13:51:11.989073 - 07 Mar 2024
' Filename     /mnt/c/Users/ygarnier/open_pnr_validation/Epic_DATALMP_11405_Additional_OpenPNR_fields_for_Order_Codeshare/Epic_DATALMP_11405_Additional_OpenPNR_fields_for_Order_Codeshare/Scripts/Associated_PNRs/Codeshare/non_1A_codeshare_Feed.cry
' Match        OK
' Message      8 -  . 
' Size         297 bytes
'----------------------------------------------------------------------
''Response:
''--- SFP ---&
''RP/NCE6X0100/&
''  1.ALZP/MJKS&
''  2  SN9009 Y 29APR 1 CDGEWR DK1  0945 1155  29APR  E  0 781&
''     OPERATED BY UNITED AIRLINES&
''     SEE RTSVC&
''  3 RM NOTIFY PASSENGER PRIOR TO TICKET PURCHASE \& CHECK-IN:&
''       FEDERAL LAWS FORBID THE CARRIAGE OF HAZARDOUS MATERIALS -&
''       GGAMAUSHAZ/S2&
''>
''End of response

'**********************************************************************
' Sent at      13:51:11.991808 - 07 Mar 2024
' Filename     /mnt/c/Users/ygarnier/open_pnr_validation/Epic_DATALMP_11405_Additional_OpenPNR_fields_for_Order_Codeshare/Epic_DATALMP_11405_Additional_OpenPNR_fields_for_Order_Codeshare/Scripts/Associated_PNRs/Codeshare/non_1A_codeshare_Feed.cry
' Message      9 -  . 
' Size         17 bytes
' Reply needed yes
'----------------------------------------------------------------------
APM-M+33661845678

'**********************************************************************
' Received at  13:51:12.093953 - 07 Mar 2024
' Filename     /mnt/c/Users/ygarnier/open_pnr_validation/Epic_DATALMP_11405_Additional_OpenPNR_fields_for_Order_Codeshare/Epic_DATALMP_11405_Additional_OpenPNR_fields_for_Order_Codeshare/Scripts/Associated_PNRs/Codeshare/non_1A_codeshare_Feed.cry
' Match        N/A
' Message      9 -  . 
' Size         319 bytes
'----------------------------------------------------------------------
''Response:
''--- SFP ---&
''RP/NCE6X0100/&
''  1.ALZP/MJKS&
''  2  SN9009 Y 29APR 1 CDGEWR DK1  0945 1155  29APR  E  0 781&
''     OPERATED BY UNITED AIRLINES&
''     SEE RTSVC&
''  3 APM M+33661845678&
''  4 RM NOTIFY PASSENGER PRIOR TO TICKET PURCHASE \& CHECK-IN:&
''       FEDERAL LAWS FORBID THE CARRIAGE OF HAZARDOUS MATERIALS -&
''       GGAMAUSHAZ/S2&
''>
''End of response

'**********************************************************************
' Sent at      13:51:12.095417 - 07 Mar 2024
' Filename     /mnt/c/Users/ygarnier/open_pnr_validation/Epic_DATALMP_11405_Additional_OpenPNR_fields_for_Order_Codeshare/Epic_DATALMP_11405_Additional_OpenPNR_fields_for_Order_Codeshare/Scripts/Associated_PNRs/Codeshare/non_1A_codeshare_Feed.cry
' Message      10 -  . 
' Size         4 bytes
' Reply needed yes
'----------------------------------------------------------------------
TKOK

'**********************************************************************
' Received at  13:51:12.220542 - 07 Mar 2024
' Filename     /mnt/c/Users/ygarnier/open_pnr_validation/Epic_DATALMP_11405_Additional_OpenPNR_fields_for_Order_Codeshare/Epic_DATALMP_11405_Additional_OpenPNR_fields_for_Order_Codeshare/Scripts/Associated_PNRs/Codeshare/non_1A_codeshare_Feed.cry
' Match        N/A
' Message      10 -  . 
' Size         344 bytes
'----------------------------------------------------------------------
''Response:
''--- SFP ---&
''RP/NCE6X0100/&
''  1.ALZP/MJKS&
''  2  SN9009 Y 29APR 1 CDGEWR DK1  0945 1155  29APR  E  0 781&
''     OPERATED BY UNITED AIRLINES&
''     SEE RTSVC&
''  3 APM M+33661845678&
''  4 TK OK07MAR/NCE6X0100&
''  5 RM NOTIFY PASSENGER PRIOR TO TICKET PURCHASE \& CHECK-IN:&
''       FEDERAL LAWS FORBID THE CARRIAGE OF HAZARDOUS MATERIALS -&
''       GGAMAUSHAZ/S2&
''>
''End of response

'**********************************************************************
' Sent at      13:51:12.222153 - 07 Mar 2024
' Filename     /mnt/c/Users/ygarnier/open_pnr_validation/Epic_DATALMP_11405_Additional_OpenPNR_fields_for_Order_Codeshare/Epic_DATALMP_11405_Additional_OpenPNR_fields_for_Order_Codeshare/Scripts/Associated_PNRs/Codeshare/non_1A_codeshare_Feed.cry
' Message      11 -  . 
' Size         5 bytes
' Reply needed yes
'----------------------------------------------------------------------
RF CO

'**********************************************************************
' Received at  13:51:12.354619 - 07 Mar 2024
' Filename     /mnt/c/Users/ygarnier/open_pnr_validation/Epic_DATALMP_11405_Additional_OpenPNR_fields_for_Order_Codeshare/Epic_DATALMP_11405_Additional_OpenPNR_fields_for_Order_Codeshare/Scripts/Associated_PNRs/Codeshare/non_1A_codeshare_Feed.cry
' Match        N/A
' Message      11 -  . 
' Size         350 bytes
'----------------------------------------------------------------------
''Response:
''--- SFP ---&
''RP/NCE6X0100/&
''RF CO&
''  1.ALZP/MJKS&
''  2  SN9009 Y 29APR 1 CDGEWR DK1  0945 1155  29APR  E  0 781&
''     OPERATED BY UNITED AIRLINES&
''     SEE RTSVC&
''  3 APM M+33661845678&
''  4 TK OK07MAR/NCE6X0100&
''  5 RM NOTIFY PASSENGER PRIOR TO TICKET PURCHASE \& CHECK-IN:&
''       FEDERAL LAWS FORBID THE CARRIAGE OF HAZARDOUS MATERIALS -&
''       GGAMAUSHAZ/S2&
''>
''End of response

'**********************************************************************
' Sent at      13:51:12.356407 - 07 Mar 2024
' Filename     /mnt/c/Users/ygarnier/open_pnr_validation/Epic_DATALMP_11405_Additional_OpenPNR_fields_for_Order_Codeshare/Epic_DATALMP_11405_Additional_OpenPNR_fields_for_Order_Codeshare/Scripts/Associated_PNRs/Codeshare/non_1A_codeshare_Feed.cry
' Message      12 -  . 
' Size         25 bytes
' Reply needed yes
'----------------------------------------------------------------------
RM OPENPNR CODESHARE TEST

'**********************************************************************
' Received at  13:51:12.472446 - 07 Mar 2024
' Filename     /mnt/c/Users/ygarnier/open_pnr_validation/Epic_DATALMP_11405_Additional_OpenPNR_fields_for_Order_Codeshare/Epic_DATALMP_11405_Additional_OpenPNR_fields_for_Order_Codeshare/Scripts/Associated_PNRs/Codeshare/non_1A_codeshare_Feed.cry
' Match        N/A
' Message      12 -  . 
' Size         380 bytes
'----------------------------------------------------------------------
''Response:
''--- SFP ---&
''RP/NCE6X0100/&
''RF CO&
''  1.ALZP/MJKS&
''  2  SN9009 Y 29APR 1 CDGEWR DK1  0945 1155  29APR  E  0 781&
''     OPERATED BY UNITED AIRLINES&
''     SEE RTSVC&
''  3 APM M+33661845678&
''  4 TK OK07MAR/NCE6X0100&
''  5 RM NOTIFY PASSENGER PRIOR TO TICKET PURCHASE \& CHECK-IN:&
''       FEDERAL LAWS FORBID THE CARRIAGE OF HAZARDOUS MATERIALS -&
''       GGAMAUSHAZ/S2&
''  6 RM OPENPNR CODESHARE TEST&
''>
''End of response

'> End-transact & check for completion
'**********************************************************************
' Sent at      13:51:12.474147 - 07 Mar 2024
' Filename     /mnt/c/Users/ygarnier/open_pnr_validation/Epic_DATALMP_11405_Additional_OpenPNR_fields_for_Order_Codeshare/Epic_DATALMP_11405_Additional_OpenPNR_fields_for_Order_Codeshare/Scripts/Associated_PNRs/Codeshare/non_1A_codeshare_Feed.cry
' Message      13 -  . 
' Size         2 bytes
' Reply needed yes
'----------------------------------------------------------------------
ER

'**********************************************************************
' Received at  13:51:12.659518 - 07 Mar 2024
' Filename     /mnt/c/Users/ygarnier/open_pnr_validation/Epic_DATALMP_11405_Additional_OpenPNR_fields_for_Order_Codeshare/Epic_DATALMP_11405_Additional_OpenPNR_fields_for_Order_Codeshare/Scripts/Associated_PNRs/Codeshare/non_1A_codeshare_Feed.cry
' Match        KO - Loop Requested
' Message      13 -  . 
' Size         65 bytes
'----------------------------------------------------------------------
''Response:
''WARNING: SECURE FLT PASSENGER DATA REQUIRED FOR TICKETING PAX 1&
''>
''End of response

''nomatch:TTServer.currentMessage.loop(1, 1, 0)
'> End-transact & check for completion
'**********************************************************************
' Sent at      13:51:13.667927 - 07 Mar 2024
' Filename     /mnt/c/Users/ygarnier/open_pnr_validation/Epic_DATALMP_11405_Additional_OpenPNR_fields_for_Order_Codeshare/Epic_DATALMP_11405_Additional_OpenPNR_fields_for_Order_Codeshare/Scripts/Associated_PNRs/Codeshare/non_1A_codeshare_Feed.cry
' Message      14 -  .  - Loop: 1
' Size         2 bytes
' Reply needed yes
'----------------------------------------------------------------------
ER

'**********************************************************************
' Received at  13:51:14.004046 - 07 Mar 2024
' Filename     /mnt/c/Users/ygarnier/open_pnr_validation/Epic_DATALMP_11405_Additional_OpenPNR_fields_for_Order_Codeshare/Epic_DATALMP_11405_Additional_OpenPNR_fields_for_Order_Codeshare/Scripts/Associated_PNRs/Codeshare/non_1A_codeshare_Feed.cry
' Match        OK
' Message      14 -  . 
' Size         384 bytes
'----------------------------------------------------------------------
''Response:
''--- RLR SFP ---&
''RP/NCE6X0100/NCE6X0100            YG/SU   7MAR24/1251Z   L7OP8Q&
''  1.ALZP/MJKS&
''  2  SN9009 Y 29APR 1 CDGEWR HK1  0945 1155  29APR  E  SN/L7OP8Q&
''  3 APM M+33661845678&
''  4 TK OK07MAR/NCE6X0100&
''  5 RM NOTIFY PASSENGER PRIOR TO TICKET PURCHASE \& CHECK-IN:&
''       FEDERAL LAWS FORBID THE CARRIAGE OF HAZARDOUS MATERIALS -&
''       GGAMAUSHAZ/S2&
''  6 RM OPENPNR CODESHARE TEST&
''>
''End of response

''nomatch:TTServer.currentMessage.loop(1, 1, 0)
''Conversation: edi

'**********************************************************************
' Sent at      13:51:14.052329 - 07 Mar 2024
' Filename     /mnt/c/Users/ygarnier/open_pnr_validation/Epic_DATALMP_11405_Additional_OpenPNR_fields_for_Order_Codeshare/Epic_DATALMP_11405_Additional_OpenPNR_fields_for_Order_Codeshare/Scripts/Associated_PNRs/Codeshare/non_1A_codeshare_Feed.cry
' Message      15 - PNRRET 14.2 1A
' Size         169 bytes
' Reply needed yes
'----------------------------------------------------------------------
UNB+IATB:1+TESAPI3+1AAPITES3+240307:1251+00B7RLQQ820001+++S'&
UNH+1+PNRRET:14:2:1A+09CC2B44'&
ORG+00+:NCE1A0950+++++A0447YGSU'&
RET+2'&
RCI+:L7OP8Q'&
UNT+5+1'&
UNZ+1+00B7RLQQ820001'

'**********************************************************************
' Received at  13:51:14.227793 - 07 Mar 2024
' Filename     /mnt/c/Users/ygarnier/open_pnr_validation/Epic_DATALMP_11405_Additional_OpenPNR_fields_for_Order_Codeshare/Epic_DATALMP_11405_Additional_OpenPNR_fields_for_Order_Codeshare/Scripts/Associated_PNRs/Codeshare/non_1A_codeshare_Feed.cry
' Match        OK
' Message      15 - PNRACC 14.2 1A
' Size         1128 bytes
'----------------------------------------------------------------------
''Response:
''UNB+IATB:1+1AAPITES3+TESAPI3+240307:1251+00NZPTFTVB0001+00B7RLQQ820001++E'&
''UNH+1+PNRACC:14:2:1A+09CC2B44'&
''RCI+1A:L7OP8Q::070324:1251'&
''RSI+RP:YGSU:NCE6X0100:00631002+NCE6X0100+NCE+NCE6X0100:0447YG:070324:00631002:1251'&
''LFT+3:P12+--- RLR SFP ---'&
''STX+RLR*SFP'&
''UID+00631002:NCE6X0100+A'&
''SYS++6X:NCE'&
''PRE+FR'&
''UID+00631002:NCE6X0100+A'&
''SYS++6X:NCE'&
''PRE+FR'&
''UID+00631002:NCE6X0100+A'&
''SYS++6X:NCE'&
''PRE+FR'&
''SEQ++1'&
''PNH++0'&
''SDI+++2024:5:3'&
''EMS++PT:1+NM+1'&
''TIF+ALZP::1+MJKS'&
''ETI+:1+UN:Y:Y::ALZP:MJKS'&
''ODI'&
''EMS++ST:1+AIR+2'&
''TVL+290424:0945:290424:1155+CDG+EWR+SN+9009:Y+ET'&
''MSG+1'&
''RCI+SN:L7OP8Q'&
''RPI+1+HK'&
''STX+TSA'&
''APD+781:0:::1+:1+:B++::0845'&
''SDT+P2'&
''IFT+3+     OPERATED BY UNITED AIRLINES'&
''DUM'&
''DUM'&
''EMS++OT:5+AP+3'&
''LFT+3:7+SECURED DATA'&
''EMS++OT:6+TK+4'&
''TKE++OK:070324::NCE6X0100'&
''EMS++OT:4+RM+5'&
''MIR+RM::NOTIFY PASSENGER PRIOR TO TICKET PURCHASE \& CHECK-IN\: FEDERAL LAWS FORBID THE CARRIAGE OF HAZARDOUS MATERIALS - GGAMAUSHAZ'&
''ERM+RM::NOTIFY PASSENGER PRIOR TO TICKET PURCHASE \& CHECK-IN\: FEDERAL LAWS FORBID THE CARRIAGE OF HAZARDOUS MATERIALS - GGAMAUSHAZ'&
''REF+ST:1'&
''EMS++OT:7+RM+6'&
''MIR+RM::OPENPNR CODESHARE TEST'&
''ERM+RM::OPENPNR CODESHARE TEST'&
''UNT+44+1'&
''UNZ+1+00NZPTFTVB0001'
''End of response

'**********************************************************************
' Sent at      13:51:14.231737 - 07 Mar 2024
' Filename     
' Message      16 - APSINQ 94.2 IA
' Size         141 bytes
' Comment      Automatic message to close the conversation in established mode
' Reply needed yes
'----------------------------------------------------------------------
UNB+IATB:1+TESAPI3+1AAPITES3+240307:1251+00B7RLQQ820002+00NZPTFTVB0001++T'&
UNH+1+APSINQ:94:2:IA+09CC2B44'&
MAP+++a'&
UNT+3+1'&
UNZ+1+00B7RLQQ820002'

'**********************************************************************
' Received at  13:51:14.280451 - 07 Mar 2024
' Filename     /mnt/c/Users/ygarnier/open_pnr_validation/Epic_DATALMP_11405_Additional_OpenPNR_fields_for_Order_Codeshare/Epic_DATALMP_11405_Additional_OpenPNR_fields_for_Order_Codeshare/Scripts/Associated_PNRs/Codeshare/non_1A_codeshare_Feed.cry
' Match        N/A
' Message      16 - CONTRL 2.1 UN
' Size         197 bytes
'----------------------------------------------------------------------
''Response:
''UNB+IATB:1+1AAPITES3+TESAPI3+240307:1251+00NZPTFTVB0002+00B7RLQQ820002++T'&
''UNH+1+CONTRL:2:1:UN+09CC2B44'&
''UCI+00B7RLQQ820002+TESAPI3+1AAPITES3+7'&
''UCM+1+APSINQ:94:2:IA+4+42'&
''UNT+4+1'&
''UNZ+1+00NZPTFTVB0002'
''End of response

''Conversation: pub

'**********************************************************************
' Sent at      13:51:14.353777 - 07 Mar 2024
' Filename     /mnt/c/Users/ygarnier/open_pnr_validation/Epic_DATALMP_11405_Additional_OpenPNR_fields_for_Order_Codeshare/Epic_DATALMP_11405_Additional_OpenPNR_fields_for_Order_Codeshare/Scripts/Associated_PNRs/Codeshare/non_1A_codeshare_Feed.cry
' Message      17 - PURCRQ 14.1 1A
' Size         222 bytes
' Reply needed yes
'----------------------------------------------------------------------
UNB+IATB:1+1APPC+1ASIPUBU+240307:1251+00B7RLQQ840001+++O'&
UNH+1+PURCRQ:14:1:1A+09CC2B44'&
ORG+1A+:NCE1A0900++++FR:EUR:FR+A001SU'&
RCI+:L7OP8Q::07MAR24'&
ATC++604'&
IRV+ENV+0'&
SPR+++2005:8:8+2100:12:12++'&
UNT+7+1'&
UNZ+1+00B7RLQQ840001'

'**********************************************************************
' Received at  13:51:14.739064 - 07 Mar 2024
' Filename     /mnt/c/Users/ygarnier/open_pnr_validation/Epic_DATALMP_11405_Additional_OpenPNR_fields_for_Order_Codeshare/Epic_DATALMP_11405_Additional_OpenPNR_fields_for_Order_Codeshare/Scripts/Associated_PNRs/Codeshare/non_1A_codeshare_Feed.cry
' Match        OK
' Message      17 - PURCRR 14.1 1A
' Size         336 bytes
'----------------------------------------------------------------------
''Response:
''UNB+IATB:1+1ASIPUBU+1APPC+240307:1251+01DUPQ9SDZ0001+00B7RLQQ840001++T'&
''UNH+1+PURCRR:14:1:1A+09CC2B44'&
''RCI+:L7OP8Q::07MAR24'&
''ATC++604'&
''IRV+ENV+0'&
''SPR+++2005:8:8+2100:12:12'&
''DUM'&
''RCI+:L7OP8Q::20240307\:12\:51\:00'&
''IRV+OBE+SONPK4'&
''IRV+ENV+0'&
''ATC++604'&
''SDI+++2024:03:07:12:51:14'&
''IRV+ID+4095268509'&
''SDI+++2024:03:07:12:51:14'&
''UNT+14+1'&
''UNZ+1+01DUPQ9SDZ0001'
''End of response

''Conversation: pub_raw

'**********************************************************************
' Sent at      13:51:14.785968 - 07 Mar 2024
' Filename     /mnt/c/Users/ygarnier/open_pnr_validation/Epic_DATALMP_11405_Additional_OpenPNR_fields_for_Order_Codeshare/Epic_DATALMP_11405_Additional_OpenPNR_fields_for_Order_Codeshare/Scripts/Associated_PNRs/Codeshare/non_1A_codeshare_Feed.cry
' Message      18 - PUPIRQ 14.1 1A
' Size         175 bytes
' Reply needed yes
'----------------------------------------------------------------------
UNB+IATA:1+1APPC+1ASIPUBU+240307:1251+00B7RLQQ860001+++O'&
UNH+1+PUPIRQ:14:1:1A+09CC2B44'&
IRV+ID+4095268509'&
IRV+OBE+SONPK4'&
SDI+++2024:03:07:12:51:14'&
UNT+5+1'&
UNZ+1+00B7RLQQ860001'

'**********************************************************************
' Received at  13:51:14.840697 - 07 Mar 2024
' Filename     /mnt/c/Users/ygarnier/open_pnr_validation/Epic_DATALMP_11405_Additional_OpenPNR_fields_for_Order_Codeshare/Epic_DATALMP_11405_Additional_OpenPNR_fields_for_Order_Codeshare/Scripts/Associated_PNRs/Codeshare/non_1A_codeshare_Feed.cry
' Match        KO
' Message      18 - PUPIRR 14.1 1A
' Size         2026 bytes
'----------------------------------------------------------------------
''Response:
''UNB+IATA:1+1ASIPUBU+1APPC+240307:1251+01DWORDUD30001+00B7RLQQ860001++T'&
''UNH+1+PUPIRR:14:1:1A+09CC2B44'&
''IRV+ID+4095268509'&
''IRV+OBE+SONPK4'&
''SDI+++2024:03:07:12:51:14'&
''BLB+1825+E+UNH\x1D1\x1DDUMMYY\x1F01\x1F1\x1F1A\x1C\x0A\x81\x0E\x12\xA4\x0D\x0A\x11L7OP8Q-2024-03-07\x12\x03pnr\x1A\x06L7OP8Q"\x010:f\x1A\x142024-03-07T12:51:00Z"=\x0A"\x0A\x09NCE6X0100\x12\x0800631002\x1A\x026X"\x07AIRLINE\x12\x17\x0A\x040447\x12\x02YG\x1A\x02SU*\x02FR2\x03NCE*\x0FCO-1A/YOANNTESTJ)\x1A\x142024-03-07T12:51:13Z"\x0D\x0A\x0B\x0A\x09NCE6X0100*\x02COz\x8A\x01\x0A\x0Bstakeholder\x12\x1AL7OP8Q-2024-03-07-PNR-NM-1"\x0C\x12\x04MJKS\x1A\x04ALZPr<\x0A\x07contact\x12\x1AL7OP8Q-2024-03-07-PNR-AP-5\x1A\x15processedPnr.contacts\xA2\x01\x12\x12\x10610603210002B239\x82\x01\x92\x04\x0A\x07product\x10\x01\x1A\x1BL7OP8Q-2024-03-07-PNR-AIR-1"\xE7\x03\x0A\x1D\x0A\x03CDG\x12\x01B\x1A\x132024-04-29T09:45:00\x12\x1A\x0A\x03EWR\x1A\x132024-04-29T11:55:00"\x8A\x01\x0A\x0A\x0A\x02SN\x12\x049009\x12`\x0A\x01Y\x12\x13\x0A\x01Y\x12\x0E\x0A\x010"\x09BID_PRICE\x1A=\x0A\x02\x08\x00\x12\x0C\x0A\x04\x1A\x026X\x12\x04*\x02FR\x1A\x14\x0A\x010"\x0FEFFECTIVE_YIELD\x1A\x11\x0A\x041400"\x09OND_YIELD \x01"\x07ECONOMY2\x1ASN-9009-2024-04-29-CDG-EWR*\x88\x01\x0A\x08\x0A\x02UA\x12\x0256\x12`\x0A\x01Y\x12\x13\x0A\x01Y\x12\x0E\x0A\x010"\x09BID_PRICE\x1A=\x0A\x02\x08\x00\x12\x0C\x0A\x04\x1A\x026X\x12\x04*\x02FR\x1A\x14\x0A\x010"\x0FEFFECTIVE_YIELD\x1A\x11\x0A\x041400"\x09OND_YIELD \x01"\x07ECONOMY(\x022\x18UA-56-2024-04-29-CDG-EWRJ\x02HKb\x84\x01\x0A\x10segment-delivery\x12\x1BL7OP8Q-2024-03-07-PNR-BKG-1\x1A\x10600633220000AE5CZA\x0A\x0Bstakeholder\x12\x1AL7OP8Q-2024-03-07-PNR-NM-1\x1A\x16processedPnr.travelers\x8A\x01\x01E\x92\x01\x02\x08\x00\xAA\x01\xA6\x02\x0A\x06remark\x12\x1AL7OP8Q-2024-03-07-PNR-RM-4\x1A\x02RM*zNOTIFY PASSENGER PRIOR TO TICKET PURCHASE \& CHECK-IN: FEDERAL LAWS FORBID THE CARRIAGE OF HAZARDOUS MATERIALS - GGAMAUSHAZ2A\x0A\x0Bstakeholder\x12\x1AL7OP8Q-2024-03-07-PNR-NM-1\x1A\x16processedPnr.travelers:=\x0A\x07product\x12\x1BL7OP8Q-2024-03-07-PNR-AIR-1\x1A\x15processedPnr.products\xAA\x01\xC2\x01\x0A\x06remark\x12\x1AL7OP8Q-2024-03-07-PNR-RM-7\x1A\x02RM*\x16OPENPNR CODESHARE TEST2A\x0A\x0Bstakeholder\x12\x1AL7OP8Q-2024-03-07-PNR-NM-1\x1A\x16processedPnr.travelers:=\x0A\x07product\x12\x1BL7OP8Q-2024-03-07-PNR-AIR-1\x1A\x15processedPnr.products\xB2\x01\x7F\x0A\x07contact\x12\x1AL7OP8Q-2024-03-07-PNR-AP-5"\x13\x08\x01\x10\x01\x1A\x0DM+33661845678@\x01bA\x0A\x0Bstakeholder\x12\x1AL7OP8Q-2024-03-07-PNR-NM-1\x1A\x16processedPnr.travelers\xBA\x01\xD5\x01\x0A\x11automated-process\x12\x1AL7OP8Q-2024-03-07-PNR-TK-6\x18\x05"\x132024-03-07T00:00:00*\x0B\x0A\x09NCE6X0100ZA\x0A\x0Bstakeholder\x12\x1AL7OP8Q-2024-03-07-PNR-NM-1\x1A\x16processedPnr.travelersb=\x0A\x07product\x12\x1BL7OP8Q-2024-03-07-PNR-AIR-1\x1A\x15processedPnr.products\x1AX\x0A\x1Fapplication/vnd.google.protobuf\x12\x06L7OP8Q\x1A\x010"\x03Pnr*\%com.amadeus.models.reservation.pnr.v2UNT\x1D2\x1D1\x1C'&
''UNT+6+1'&
''UNZ+1+01DWORDUD30001'
''End of response

''match:extract_binary_payload(global_regression, raw_binary=raw_binary)
''Conversation: web

'**********************************************************************
' Sent at      13:51:14.843539 - 07 Mar 2024
' Filename     /mnt/c/Users/ygarnier/open_pnr_validation/Epic_DATALMP_11405_Additional_OpenPNR_fields_for_Order_Codeshare/Epic_DATALMP_11405_Additional_OpenPNR_fields_for_Order_Codeshare/Scripts/Associated_PNRs/Codeshare/non_1A_codeshare_Feed.cry
' Message      19 -  . 
' Size         397 bytes
' Reply needed yes
'----------------------------------------------------------------------
POST /1ASIUTOPLEGU/v2/open-pnrs/conversion?input=protobufBase64\&output=json HTTP/1.1&
Content-Type: application/json&
Authorization:1AAuth eyJub25jZSI6Ik5qRTNPVFU1T0RJd01EWTBOVFF6TlE9PSIsInRpbWVzdGFtcCI6IjIwMjQtMDMtMDdUMTI6NTE6MDcuMDAwWiIsInVzZXJJZCI6IllPQU5OVEVTVCIsIm9mZmljZUlkIjoiTkNFMUEwOTUwIiwib3JnYW5pemF0aW9uIjoiMUEiLCJwYXNzd29yZCI6ImoxVVpja25CUEFJbDdMWDkwdDJpV1lXZ21Raz0ifQ==&
&
\{"openPnr":""\}

'**********************************************************************
' Received at  13:51:14.976674 - 07 Mar 2024
' Filename     /mnt/c/Users/ygarnier/open_pnr_validation/Epic_DATALMP_11405_Additional_OpenPNR_fields_for_Order_Codeshare/Epic_DATALMP_11405_Additional_OpenPNR_fields_for_Order_Codeshare/Scripts/Associated_PNRs/Codeshare/non_1A_codeshare_Feed.cry
' Match        KO
' Message      19 -  . 
' Size         130 bytes
'----------------------------------------------------------------------
''Response:
''HTTP/1.1 200 OK&
''ama-request-id:0001UZJBO9ZADE&
''content-length:2&
''etag:1&
''content-type:application/vnd.amadeus+json; charset=utf-8&
''&
''\{\}
''End of response

''match:validate_openpnr(received_json)
''Conversation: cry

'**********************************************************************
' Sent at      13:51:14.977295 - 07 Mar 2024
' Filename     /mnt/c/Users/ygarnier/open_pnr_validation/Epic_DATALMP_11405_Additional_OpenPNR_fields_for_Order_Codeshare/Epic_DATALMP_11405_Additional_OpenPNR_fields_for_Order_Codeshare/Scripts/Associated_PNRs/Codeshare/non_1A_codeshare_Feed.cry
' Message      20 -  . 
' Size         2 bytes
' Reply needed yes
'----------------------------------------------------------------------
XI

'**********************************************************************
' Received at  13:51:15.426673 - 07 Mar 2024
' Filename     /mnt/c/Users/ygarnier/open_pnr_validation/Epic_DATALMP_11405_Additional_OpenPNR_fields_for_Order_Codeshare/Epic_DATALMP_11405_Additional_OpenPNR_fields_for_Order_Codeshare/Scripts/Associated_PNRs/Codeshare/non_1A_codeshare_Feed.cry
' Match        N/A
' Message      20 -  . 
' Size         196 bytes
'----------------------------------------------------------------------
''Response:
''PNR UPDATED BY PARALLEL PROCESS-PLEASE VERIFY PNR CONTENT&
''--- RLR ---&
''RP/NCE6X0100/NCE6X0100            FM/SU   7MAR24/1251Z   L7OP8Q&
''  1.ALZP/MJKS&
''  2 APM M+33661845678&
''  3 TK OK07MAR/NCE6X0100&
''>
''End of response

'**********************************************************************
' Sent at      13:51:15.427836 - 07 Mar 2024
' Filename     /mnt/c/Users/ygarnier/open_pnr_validation/Epic_DATALMP_11405_Additional_OpenPNR_fields_for_Order_Codeshare/Epic_DATALMP_11405_Additional_OpenPNR_fields_for_Order_Codeshare/Scripts/Associated_PNRs/Codeshare/non_1A_codeshare_Feed.cry
' Message      21 -  . 
' Size         2 bytes
' Reply needed yes
'----------------------------------------------------------------------
ET

'**********************************************************************
' Received at  13:51:15.747365 - 07 Mar 2024
' Filename     /mnt/c/Users/ygarnier/open_pnr_validation/Epic_DATALMP_11405_Additional_OpenPNR_fields_for_Order_Codeshare/Epic_DATALMP_11405_Additional_OpenPNR_fields_for_Order_Codeshare/Scripts/Associated_PNRs/Codeshare/non_1A_codeshare_Feed.cry
' Match        N/A
' Message      21 -  . 
' Size         38 bytes
'----------------------------------------------------------------------
''Response:
''END OF TRANSACTION COMPLETE - L7OP8Q&
''>
''End of response

'**********************************************************************
' Sent at      13:51:15.748965 - 07 Mar 2024
' Filename     /mnt/c/Users/ygarnier/open_pnr_validation/Epic_DATALMP_11405_Additional_OpenPNR_fields_for_Order_Codeshare/Epic_DATALMP_11405_Additional_OpenPNR_fields_for_Order_Codeshare/Scripts/Associated_PNRs/Codeshare/non_1A_codeshare_Feed.cry
' Message      22 -  . 
' Size         2 bytes
' Reply needed yes
'----------------------------------------------------------------------
IG

'**********************************************************************
' Received at  13:51:15.812681 - 07 Mar 2024
' Filename     /mnt/c/Users/ygarnier/open_pnr_validation/Epic_DATALMP_11405_Additional_OpenPNR_fields_for_Order_Codeshare/Epic_DATALMP_11405_Additional_OpenPNR_fields_for_Order_Codeshare/Scripts/Associated_PNRs/Codeshare/non_1A_codeshare_Feed.cry
' Match        N/A
' Message      22 -  . 
' Size         9 bytes
'----------------------------------------------------------------------
''Response:
''IGNORED&
''>
''End of response

'**********************************************************************
' Sent at      13:51:15.813942 - 07 Mar 2024
' Filename     /mnt/c/Users/ygarnier/open_pnr_validation/Epic_DATALMP_11405_Additional_OpenPNR_fields_for_Order_Codeshare/Epic_DATALMP_11405_Additional_OpenPNR_fields_for_Order_Codeshare/Scripts/Associated_PNRs/Codeshare/non_1A_codeshare_Feed.cry
' Message      23 -  . 
' Size         2 bytes
' Reply needed yes
'----------------------------------------------------------------------
JO

'**********************************************************************
' Received at  13:51:15.930853 - 07 Mar 2024
' Filename     /mnt/c/Users/ygarnier/open_pnr_validation/Epic_DATALMP_11405_Additional_OpenPNR_fields_for_Order_Codeshare/Epic_DATALMP_11405_Additional_OpenPNR_fields_for_Order_Codeshare/Scripts/Associated_PNRs/Codeshare/non_1A_codeshare_Feed.cry
' Match        N/A
' Message      23 -  . 
' Size         387 bytes
'----------------------------------------------------------------------
''Response:
''&
''09CC2B44         NCE1A0950&
''&
''AREA  TM  MOD SG/DT.LG TIME      ACT.Q   STATUS     NAME&
''A                       24             NOT SIGNED&
''B                                      NOT SIGNED&
''C                                      NOT SIGNED&
''D                                      NOT SIGNED&
''E                                      NOT SIGNED&
''F                                      NOT SIGNED&
''>
''End of response

'**********************************************************************
' Sent at      13:51:15.932953 - 07 Mar 2024
' Filename     /mnt/c/Users/ygarnier/open_pnr_validation/Epic_DATALMP_11405_Additional_OpenPNR_fields_for_Order_Codeshare/Epic_DATALMP_11405_Additional_OpenPNR_fields_for_Order_Codeshare/Scripts/Associated_PNRs/Codeshare/non_1A_codeshare_Feed.cry
' Message      24 -  . 
' Size         2 bytes
' Reply needed yes
'----------------------------------------------------------------------
JD

'**********************************************************************
' Received at  13:51:15.994134 - 07 Mar 2024
' Filename     /mnt/c/Users/ygarnier/open_pnr_validation/Epic_DATALMP_11405_Additional_OpenPNR_fields_for_Order_Codeshare/Epic_DATALMP_11405_Additional_OpenPNR_fields_for_Order_Codeshare/Scripts/Associated_PNRs/Codeshare/non_1A_codeshare_Feed.cry
' Match        N/A
' Message      24 -  . 
' Size         387 bytes
'----------------------------------------------------------------------
''Response:
''&
''09CC2B44         NCE1A0950&
''&
''AREA  TM  MOD SG/DT.LG TIME      ACT.Q   STATUS     NAME&
''A                       24             NOT SIGNED&
''B                                      NOT SIGNED&
''C                                      NOT SIGNED&
''D                                      NOT SIGNED&
''E                                      NOT SIGNED&
''F                                      NOT SIGNED&
''>
''End of response


'----------------------------------------------------------------------
' Statistics
'----------------------------------------------------------------------
' Messages in          : 24
' Bytes in             : 0Mb 7Kb 695b
' Messages out         : 24
' Bytes out            : 0Mb 1Kb 302b

' Conversations        : 6
' Transactions         : 24
' Transactions parsed  : 22
' Ratio                : 0.916667

' Total duration       : 0h 0min 7s 339.4ms
' Parse duration       : 0h 0min 0s 1.717ms (0 %)
' Wait duration        : 0h 0min 4s 82.728ms (55 %)
' Transactions/s       : 3 TPS

' Number of Timeouts   : 0
' Messages compared    : 8
' Errors found         : 2
' Python errors found         : 0
' No match counter     : 2
