' Log report : 11:38:10.212050 - 14 Mar 2024
' Filename   : /mnt/c/Users/ygarnier/open_pnr_validation/Epic_DATALMP_11405_Additional_OpenPNR_fields_for_Order_Codeshare/Epic_DATALMP_11405_Additional_OpenPNR_fields_for_Order_Codeshare/Scripts/Products/Exempted_services/exempted_SVC_Retrieve.cry
'----------------------------------------------------------------------

''Initialize:
import json
from lib.openpnr import extract_binary_payload
from lib.json_match import assert_equal, assert_found, assert_not_found, parse_json

execfile(global_regression.TTS_RootDir + '/data/data_' + global_regression.TEST_SYSTEM + '.py')

TTS_OK = TTServer.currentMessage.TTS_MATCH_COMPARISON_OK
TTS_KO = TTServer.currentMessage.TTS_MATCH_COMPARISON_FAILURE

# As the specific conditions to evaluate depend on the test, the comparison function is in the individual script
# In case of match error, find the error details in TTS logs (not available in .log or in .rex file)
# Variables defined in data files (e.g., test user data) or in the current scripts (e.g., recloc)
# are directly available from inside the function.
def validate_openpnr(openpnr_json):
    try:
        openpnr = parse_json(openpnr_json)
        for field in ['id', 'reference', 'creation', 'travelers', 'products', 'contacts']:
            assert_found(field, container=openpnr)

        expected_openpnr_id = recloc + '-' + today
        assert_equal(actual=openpnr['id'], expected=expected_openpnr_id, item_name='OpenPNR id field')
        assert_not_found('creation/date', container=openpnr)
        assert_found('creation/dateTime', container=openpnr)
        assert_found('creation/pointOfSale/office/id', container=openpnr)
        assert_equal(expected=OFFICE_6X_BKK, actual=openpnr['creation']['pointOfSale']['office']['id'], item_name='creator office')

        #Check service data for exempted service SSR VGML
        assert_equal(actual=len(openpnr['products']), expected=1, item_name='number of products')
        product_1 = openpnr['products'][0]

        assert_found('service/code', container=product_1)
        assert_equal(actual=product_1['subType'], expected='SERVICE', item_name='product subType')
        assert_equal(actual=product_1['service']['code'], expected='GIFT', item_name='service code')
        assert_equal(actual=product_1['service']['subType'], expected='MANUAL_AUXILIARY_SEGMENT', item_name='service subType')
        assert_equal(actual=product_1['service']['serviceProvider']['code'], expected='6X', item_name='serviceProvider code')
        assert_equal(actual=product_1['service']['status'], expected='HK', item_name='service status')
        assert_equal(actual=product_1['service']['paymentStatus'], expected='EXEMPTED', item_name='service paymentStatus')

    except Exception as e:
        print('OpenPNR validation failed: {}'.format(e))
        return TTS_KO

    print('OpenPNR validation successful')
    return TTS_OK

''End
''Conversation: cry

'**********************************************************************
' Sent at      11:38:10.220990 - 14 Mar 2024
' Filename     /mnt/c/Users/ygarnier/open_pnr_validation/Epic_DATALMP_11405_Additional_OpenPNR_fields_for_Order_Codeshare/Epic_DATALMP_11405_Additional_OpenPNR_fields_for_Order_Codeshare/Scripts/Products/Exempted_services/exempted_SVC_Retrieve.cry
' Message      1 -  . 
' Size         2 bytes
' Reply needed yes
'----------------------------------------------------------------------
IG

'**********************************************************************
' Received at  11:38:10.273005 - 14 Mar 2024
' Filename     /mnt/c/Users/ygarnier/open_pnr_validation/Epic_DATALMP_11405_Additional_OpenPNR_fields_for_Order_Codeshare/Epic_DATALMP_11405_Additional_OpenPNR_fields_for_Order_Codeshare/Scripts/Products/Exempted_services/exempted_SVC_Retrieve.cry
' Match        N/A
' Message      1 -  . 
' Size         9 bytes
'----------------------------------------------------------------------
''Response:
''SIGN IN&
''>
''End of response

'**********************************************************************
' Sent at      11:38:10.273535 - 14 Mar 2024
' Filename     /mnt/c/Users/ygarnier/open_pnr_validation/Epic_DATALMP_11405_Additional_OpenPNR_fields_for_Order_Codeshare/Epic_DATALMP_11405_Additional_OpenPNR_fields_for_Order_Codeshare/Scripts/Products/Exempted_services/exempted_SVC_Retrieve.cry
' Message      2 -  . 
' Size         2 bytes
' Reply needed yes
'----------------------------------------------------------------------
JO

'**********************************************************************
' Received at  11:38:10.333775 - 14 Mar 2024
' Filename     /mnt/c/Users/ygarnier/open_pnr_validation/Epic_DATALMP_11405_Additional_OpenPNR_fields_for_Order_Codeshare/Epic_DATALMP_11405_Additional_OpenPNR_fields_for_Order_Codeshare/Scripts/Products/Exempted_services/exempted_SVC_Retrieve.cry
' Match        N/A
' Message      2 -  . 
' Size         9 bytes
'----------------------------------------------------------------------
''Response:
''SIGN IN&
''>
''End of response

'**********************************************************************
' Sent at      11:38:10.334061 - 14 Mar 2024
' Filename     /mnt/c/Users/ygarnier/open_pnr_validation/Epic_DATALMP_11405_Additional_OpenPNR_fields_for_Order_Codeshare/Epic_DATALMP_11405_Additional_OpenPNR_fields_for_Order_Codeshare/Scripts/Products/Exempted_services/exempted_SVC_Retrieve.cry
' Message      3 -  . 
' Size         2 bytes
' Reply needed yes
'----------------------------------------------------------------------
JD

'**********************************************************************
' Received at  11:38:10.404185 - 14 Mar 2024
' Filename     /mnt/c/Users/ygarnier/open_pnr_validation/Epic_DATALMP_11405_Additional_OpenPNR_fields_for_Order_Codeshare/Epic_DATALMP_11405_Additional_OpenPNR_fields_for_Order_Codeshare/Scripts/Products/Exempted_services/exempted_SVC_Retrieve.cry
' Match        N/A
' Message      3 -  . 
' Size         387 bytes
'----------------------------------------------------------------------
''Response:
''&
''09CC2B44         NCE1A0950&
''&
''AREA  TM  MOD SG/DT.LG TIME      ACT.Q   STATUS     NAME&
''A                       24             NOT SIGNED&
''B                                      NOT SIGNED&
''C                                      NOT SIGNED&
''D                                      NOT SIGNED&
''E                                      NOT SIGNED&
''F                                      NOT SIGNED&
''>
''End of response

'> 1. Sign in with test_user_1A_sign in office test_user_1A_office
'**********************************************************************
' Sent at      11:38:10.404554 - 14 Mar 2024
' Filename     /mnt/c/Users/ygarnier/open_pnr_validation/Epic_DATALMP_11405_Additional_OpenPNR_fields_for_Order_Codeshare/Epic_DATALMP_11405_Additional_OpenPNR_fields_for_Order_Codeshare/Scripts/Products/Exempted_services/exempted_SVC_Retrieve.cry
' Message      4 -  . 
' Size         16 bytes
' Reply needed yes
'----------------------------------------------------------------------
OK-WE/L-09CC2B44

'**********************************************************************
' Received at  11:38:10.461049 - 14 Mar 2024
' Filename     /mnt/c/Users/ygarnier/open_pnr_validation/Epic_DATALMP_11405_Additional_OpenPNR_fields_for_Order_Codeshare/Epic_DATALMP_11405_Additional_OpenPNR_fields_for_Order_Codeshare/Scripts/Products/Exempted_services/exempted_SVC_Retrieve.cry
' Match        N/A
' Message      4 -  . 
' Size         85 bytes
'----------------------------------------------------------------------
''Response:
''  NETWORK 09 SUB-SYS FE DELETION LIST&
''     CC2B44    DELETED OK&
''  DELETION FINISHED&
''>
''End of response

''WAIT:2
'**********************************************************************
' Sent at      11:38:12.466281 - 14 Mar 2024
' Filename     /mnt/c/Users/ygarnier/open_pnr_validation/Epic_DATALMP_11405_Additional_OpenPNR_fields_for_Order_Codeshare/Epic_DATALMP_11405_Additional_OpenPNR_fields_for_Order_Codeshare/Scripts/Products/Exempted_services/exempted_SVC_Retrieve.cry
' Message      5 -  . 
' Size         63 bytes
' Reply needed yes
'----------------------------------------------------------------------
OK-WY/C-C5AGY/W-AMAD/S-80X22/O-NCE1A0950/T-NCE/A-NCE/L-09CC2B44

'**********************************************************************
' Received at  11:38:12.524523 - 14 Mar 2024
' Filename     /mnt/c/Users/ygarnier/open_pnr_validation/Epic_DATALMP_11405_Additional_OpenPNR_fields_for_Order_Codeshare/Epic_DATALMP_11405_Additional_OpenPNR_fields_for_Order_Codeshare/Scripts/Products/Exempted_services/exempted_SVC_Retrieve.cry
' Match        N/A
' Message      5 -  . 
' Size         46 bytes
'----------------------------------------------------------------------
''Response:
''&
''LEIDS:   CC2B44&
''INITIALIZED FOR: NETWORK 09&
''>
''End of response

'**********************************************************************
' Sent at      11:38:12.526328 - 14 Mar 2024
' Filename     /mnt/c/Users/ygarnier/open_pnr_validation/Epic_DATALMP_11405_Additional_OpenPNR_fields_for_Order_Codeshare/Epic_DATALMP_11405_Additional_OpenPNR_fields_for_Order_Codeshare/Scripts/Products/Exempted_services/exempted_SVC_Retrieve.cry
' Message      6 -  . 
' Size         38 bytes
' Reply needed yes
'----------------------------------------------------------------------
Ji0447YG/SU.BKK6X08AA-Yoanntesting123+

'**********************************************************************
' Received at  11:38:12.720619 - 14 Mar 2024
' Filename     /mnt/c/Users/ygarnier/open_pnr_validation/Epic_DATALMP_11405_Additional_OpenPNR_fields_for_Order_Codeshare/Epic_DATALMP_11405_Additional_OpenPNR_fields_for_Order_Codeshare/Scripts/Products/Exempted_services/exempted_SVC_Retrieve.cry
' Match        OK
' Message      6 -  . 
' Size         325 bytes
'----------------------------------------------------------------------
''Response:
''&
''A-SIGN COMPLETE/14MAR/SU&
''************  AMADEUS PRODUCT NEWS  ***********  SEE GGNEWS&
''AIR2 INSELAIR INTERNATIONAL (7I) ENJOYS ISM IASR GGNEWSAIR2&
''HTL  BALLADINS (BL) ENJOY HTL DYNAMIC ACCESS     GGNEWSHTL&
''AIR1 PULLMANTUR AIR (EB) ENJOYS AAS              GGNEWSAIR1&
''AIR  UTAIR UKRAINE (QU) ENJOYS AAS               GGNEWSAIR&
''>
''End of response

'> 2. Create a PNR
'**********************************************************************
' Sent at      11:38:12.721733 - 14 Mar 2024
' Filename     /mnt/c/Users/ygarnier/open_pnr_validation/Epic_DATALMP_11405_Additional_OpenPNR_fields_for_Order_Codeshare/Epic_DATALMP_11405_Additional_OpenPNR_fields_for_Order_Codeshare/Scripts/Products/Exempted_services/exempted_SVC_Retrieve.cry
' Message      7 -  . 
' Size         12 bytes
' Reply needed yes
'----------------------------------------------------------------------
NM1AVGQ/PMSV

'**********************************************************************
' Received at  11:38:12.829682 - 14 Mar 2024
' Filename     /mnt/c/Users/ygarnier/open_pnr_validation/Epic_DATALMP_11405_Additional_OpenPNR_fields_for_Order_Codeshare/Epic_DATALMP_11405_Additional_OpenPNR_fields_for_Order_Codeshare/Scripts/Products/Exempted_services/exempted_SVC_Retrieve.cry
' Match        N/A
' Message      7 -  . 
' Size         29 bytes
'----------------------------------------------------------------------
''Response:
''RP/BKK6X08AA/&
''  1.AVGQ/PMSV&
''>
''End of response

'**********************************************************************
' Sent at      11:38:12.830636 - 14 Mar 2024
' Filename     /mnt/c/Users/ygarnier/open_pnr_validation/Epic_DATALMP_11405_Additional_OpenPNR_fields_for_Order_Codeshare/Epic_DATALMP_11405_Additional_OpenPNR_fields_for_Order_Codeshare/Scripts/Products/Exempted_services/exempted_SVC_Retrieve.cry
' Message      8 -  . 
' Size         16 bytes
' Reply needed yes
'----------------------------------------------------------------------
TKOK; APOK; RFYG

'**********************************************************************
' Received at  11:38:13.002406 - 14 Mar 2024
' Filename     /mnt/c/Users/ygarnier/open_pnr_validation/Epic_DATALMP_11405_Additional_OpenPNR_fields_for_Order_Codeshare/Epic_DATALMP_11405_Additional_OpenPNR_fields_for_Order_Codeshare/Scripts/Products/Exempted_services/exempted_SVC_Retrieve.cry
' Match        N/A
' Message      8 -  . 
' Size         70 bytes
'----------------------------------------------------------------------
''Response:
''RP/BKK6X08AA/&
''RF YG&
''  1.AVGQ/PMSV&
''  2 AP OK&
''  3 TK OK14MAR/BKK6X08AA&
''>
''End of response

'**********************************************************************
' Sent at      11:38:13.003618 - 14 Mar 2024
' Filename     /mnt/c/Users/ygarnier/open_pnr_validation/Epic_DATALMP_11405_Additional_OpenPNR_fields_for_Order_Codeshare/Epic_DATALMP_11405_Additional_OpenPNR_fields_for_Order_Codeshare/Scripts/Products/Exempted_services/exempted_SVC_Retrieve.cry
' Message      9 -  . 
' Size         24 bytes
' Reply needed yes
'----------------------------------------------------------------------
IU 6X NN1 GIFT BDQ/13SEP

'**********************************************************************
' Received at  11:38:13.129026 - 14 Mar 2024
' Filename     /mnt/c/Users/ygarnier/open_pnr_validation/Epic_DATALMP_11405_Additional_OpenPNR_fields_for_Order_Codeshare/Epic_DATALMP_11405_Additional_OpenPNR_fields_for_Order_Codeshare/Scripts/Products/Exempted_services/exempted_SVC_Retrieve.cry
' Match        N/A
' Message      9 -  . 
' Size         101 bytes
'----------------------------------------------------------------------
''Response:
''RP/BKK6X08AA/&
''RF YG&
''  1.AVGQ/PMSV&
''  2 #SVC 6X HK1 GIFT BDQ 13SEP&
''  3 AP OK&
''  4 TK OK14MAR/BKK6X08AA&
''>
''End of response

'**********************************************************************
' Sent at      11:38:13.130559 - 14 Mar 2024
' Filename     /mnt/c/Users/ygarnier/open_pnr_validation/Epic_DATALMP_11405_Additional_OpenPNR_fields_for_Order_Codeshare/Epic_DATALMP_11405_Additional_OpenPNR_fields_for_Order_Codeshare/Scripts/Products/Exempted_services/exempted_SVC_Retrieve.cry
' Message      10 -  . 
' Size         2 bytes
' Reply needed yes
'----------------------------------------------------------------------
ER

'**********************************************************************
' Received at  11:38:13.451220 - 14 Mar 2024
' Filename     /mnt/c/Users/ygarnier/open_pnr_validation/Epic_DATALMP_11405_Additional_OpenPNR_fields_for_Order_Codeshare/Epic_DATALMP_11405_Additional_OpenPNR_fields_for_Order_Codeshare/Scripts/Products/Exempted_services/exempted_SVC_Retrieve.cry
' Match        OK
' Message      10 -  . 
' Size         145 bytes
'----------------------------------------------------------------------
''Response:
''RP/BKK6X08AA/BKK6X08AA            YG/SU  14MAR24/1038Z   MBZQ9M&
''  1.AVGQ/PMSV&
''  2 #SVC 6X HK1 GIFT BDQ 13SEP&
''  3 AP OK&
''  4 TK OK14MAR/BKK6X08AA&
''>
''End of response

''nomatch:TTServer.currentMessage.loop(1, 1, 0)
''Exec:
# Compose the expected PNR ID used in OpenPNR, e.g. ABC123-2025-05-27
openpnr_id = recloc + '-' + today
''End
'**********************************************************************
' Sent at      11:38:13.453834 - 14 Mar 2024
' Filename     /mnt/c/Users/ygarnier/open_pnr_validation/Epic_DATALMP_11405_Additional_OpenPNR_fields_for_Order_Codeshare/Epic_DATALMP_11405_Additional_OpenPNR_fields_for_Order_Codeshare/Scripts/Products/Exempted_services/exempted_SVC_Retrieve.cry
' Message      11 -  . 
' Size         2 bytes
' Reply needed yes
'----------------------------------------------------------------------
IG

'**********************************************************************
' Received at  11:38:13.526679 - 14 Mar 2024
' Filename     /mnt/c/Users/ygarnier/open_pnr_validation/Epic_DATALMP_11405_Additional_OpenPNR_fields_for_Order_Codeshare/Epic_DATALMP_11405_Additional_OpenPNR_fields_for_Order_Codeshare/Scripts/Products/Exempted_services/exempted_SVC_Retrieve.cry
' Match        N/A
' Message      11 -  . 
' Size         18 bytes
'----------------------------------------------------------------------
''Response:
''IGNORED - MBZQ9M&
''>
''End of response

''Conversation: web

'**********************************************************************
' Sent at      11:38:13.529167 - 14 Mar 2024
' Filename     /mnt/c/Users/ygarnier/open_pnr_validation/Epic_DATALMP_11405_Additional_OpenPNR_fields_for_Order_Codeshare/Epic_DATALMP_11405_Additional_OpenPNR_fields_for_Order_Codeshare/Scripts/Products/Exempted_services/exempted_SVC_Retrieve.cry
' Message      12 -  . 
' Size         359 bytes
' Reply needed yes
'----------------------------------------------------------------------
GET /1ASIUTOPLEGU/v2/open-pnrs/MBZQ9M HTTP/1.1&
Content-Type: text/plain&
Debug-format: json&
Authorization: 1AAuth eyJub25jZSI6Ik5EUXpOekU0TURZd05EZzROems0T0E9PSIsInRpbWVzdGFtcCI6IjIwMjQtMDMtMTRUMTA6Mzg6MDguMDAwWiIsInVzZXJJZCI6IllPQU5OVEVTVCIsIm9mZmljZUlkIjoiTkNFMUEwOTUwIiwib3JnYW5pemF0aW9uIjoiMUEiLCJwYXNzd29yZCI6InJkNENjWitLc2JoMkJmYlpZaDVkRmtSTFZHVT0ifQ==&
&


'**********************************************************************
' Received at  11:38:13.750561 - 14 Mar 2024
' Filename     /mnt/c/Users/ygarnier/open_pnr_validation/Epic_DATALMP_11405_Additional_OpenPNR_fields_for_Order_Codeshare/Epic_DATALMP_11405_Additional_OpenPNR_fields_for_Order_Codeshare/Scripts/Products/Exempted_services/exempted_SVC_Retrieve.cry
' Match        OK
' Message      12 -  . 
' Size         1173 bytes
'----------------------------------------------------------------------
''Response:
''HTTP/1.1 200 OK&
''ama-request-id:0001IN5DJAC2VP&
''content-length:1021&
''etag:0&
''content-type:application/vnd.amadeus+json; charset=utf-8&
''&
''\{&
''    "reference": "MBZQ9M", &
''    "version": "0", &
''    "openPnr": "ChFNQlpROU0tMjAyNC0wMy0xNBIDcG5yGgZNQlpROU0iATA6VRoUMjAyNC0wMy0xNFQxMDozODowMFoiPQoiCglCS0s2WDA4QUESCDAwNzcxMDAyGgI2WCIHQUlSTElORRIXCgQwNDQ3EgJZRxoCU1UqAlRIMgNCS0tKFhoUMjAyNC0wMy0xNFQxMDozODoxM1p6igEKC3N0YWtlaG9sZGVyEhpNQlpROU0tMjAyNC0wMy0xNC1QTlItTk0tMSIMEgRQTVNWGgRBVkdRcjwKB2NvbnRhY3QSGk1CWlE5TS0yMDI0LTAzLTE0LVBOUi1BUC0yGhVwcm9jZXNzZWRQbnIuY29udGFjdHOiARISEDYxMDlEMzI4MDAwMDQ2ODSCAacBCgdwcm9kdWN0EAIaG01CWlE5TS0yMDI0LTAzLTE0LVBOUi1TVlgtMSo6GgRHSUZUIAIqBAoCNlgyAkhLOgIIAWIICgFGEgNHRlSCAQCQAQSaAREKCjIwMjQtMDktMTMSA0JEUUJBCgtzdGFrZWhvbGRlchIaTUJaUTlNLTIwMjQtMDMtMTQtUE5SLU5NLTEaFnByb2Nlc3NlZFBuci50cmF2ZWxlcnOyAXEKB2NvbnRhY3QSGk1CWlE5TS0yMDI0LTAzLTE0LVBOUi1BUC0yIgQaAk9LQgEBYkEKC3N0YWtlaG9sZGVyEhpNQlpROU0tMjAyNC0wMy0xNC1QTlItTk0tMRoWcHJvY2Vzc2VkUG5yLnRyYXZlbGVyc7oBlgEKEWF1dG9tYXRlZC1wcm9jZXNzEhpNQlpROU0tMjAyNC0wMy0xNC1QTlItVEstMRgFIhMyMDI0LTAzLTE0VDAwOjAwOjAwKgsKCUJLSzZYMDhBQVpBCgtzdGFrZWhvbGRlchIaTUJaUTlNLTIwMjQtMDMtMTQtUE5SLU5NLTEaFnByb2Nlc3NlZFBuci50cmF2ZWxlcnM="&
''\}
''End of response

''Conversation: web

'**********************************************************************
' Sent at      11:38:13.752208 - 14 Mar 2024
' Filename     /mnt/c/Users/ygarnier/open_pnr_validation/Epic_DATALMP_11405_Additional_OpenPNR_fields_for_Order_Codeshare/Epic_DATALMP_11405_Additional_OpenPNR_fields_for_Order_Codeshare/Scripts/Products/Exempted_services/exempted_SVC_Retrieve.cry
' Message      13 -  . 
' Size         1390 bytes
' Reply needed yes
'----------------------------------------------------------------------
POST /1ASIUTOPLEGU/v2/open-pnrs/conversion?input=protobufBase64\&output=json HTTP/1.1&
Debug-Format: debug&
Content-Type: application/json&
Authorization: 1AAuth eyJub25jZSI6Ik1ETTBNelkyTVRrMk9UY3dNakF6T1E9PSIsInRpbWVzdGFtcCI6IjIwMjQtMDMtMTRUMTA6Mzg6MDguMDAwWiIsInVzZXJJZCI6IllPQU5OVEVTVCIsIm9mZmljZUlkIjoiTkNFMUEwOTUwIiwib3JnYW5pemF0aW9uIjoiMUEiLCJwYXNzd29yZCI6IlAwRitOeFFNOStJRXE0VFB6OFVRTHp4R0pHOD0ifQ==&
&
\{"openPnr":"ChFNQlpROU0tMjAyNC0wMy0xNBIDcG5yGgZNQlpROU0iATA6VRoUMjAyNC0wMy0xNFQxMDozODowMFoiPQoiCglCS0s2WDA4QUESCDAwNzcxMDAyGgI2WCIHQUlSTElORRIXCgQwNDQ3EgJZRxoCU1UqAlRIMgNCS0tKFhoUMjAyNC0wMy0xNFQxMDozODoxM1p6igEKC3N0YWtlaG9sZGVyEhpNQlpROU0tMjAyNC0wMy0xNC1QTlItTk0tMSIMEgRQTVNWGgRBVkdRcjwKB2NvbnRhY3QSGk1CWlE5TS0yMDI0LTAzLTE0LVBOUi1BUC0yGhVwcm9jZXNzZWRQbnIuY29udGFjdHOiARISEDYxMDlEMzI4MDAwMDQ2ODSCAacBCgdwcm9kdWN0EAIaG01CWlE5TS0yMDI0LTAzLTE0LVBOUi1TVlgtMSo6GgRHSUZUIAIqBAoCNlgyAkhLOgIIAWIICgFGEgNHRlSCAQCQAQSaAREKCjIwMjQtMDktMTMSA0JEUUJBCgtzdGFrZWhvbGRlchIaTUJaUTlNLTIwMjQtMDMtMTQtUE5SLU5NLTEaFnByb2Nlc3NlZFBuci50cmF2ZWxlcnOyAXEKB2NvbnRhY3QSGk1CWlE5TS0yMDI0LTAzLTE0LVBOUi1BUC0yIgQaAk9LQgEBYkEKC3N0YWtlaG9sZGVyEhpNQlpROU0tMjAyNC0wMy0xNC1QTlItTk0tMRoWcHJvY2Vzc2VkUG5yLnRyYXZlbGVyc7oBlgEKEWF1dG9tYXRlZC1wcm9jZXNzEhpNQlpROU0tMjAyNC0wMy0xNC1QTlItVEstMRgFIhMyMDI0LTAzLTE0VDAwOjAwOjAwKgsKCUJLSzZYMDhBQVpBCgtzdGFrZWhvbGRlchIaTUJaUTlNLTIwMjQtMDMtMTQtUE5SLU5NLTEaFnByb2Nlc3NlZFBuci50cmF2ZWxlcnM="\}

'**********************************************************************
' Received at  11:38:13.920815 - 14 Mar 2024
' Filename     /mnt/c/Users/ygarnier/open_pnr_validation/Epic_DATALMP_11405_Additional_OpenPNR_fields_for_Order_Codeshare/Epic_DATALMP_11405_Additional_OpenPNR_fields_for_Order_Codeshare/Scripts/Products/Exempted_services/exempted_SVC_Retrieve.cry
' Match        OK
' Message      13 -  . 
' Size         3494 bytes
'----------------------------------------------------------------------
''Response:
''HTTP/1.1 200 OK&
''ama-request-id:0001IN5DLAC2VP&
''content-length:1595&
''etag:1&
''content-type:application/vnd.amadeus+json; charset=utf-8&
''&
''\{&
''    "id": "MBZQ9M-2024-03-14", &
''    "type": "pnr", &
''    "reference": "MBZQ9M", &
''    "version": "0", &
''    "creation": \{&
''        "dateTime": "2024-03-14T10:38:00Z", &
''        "pointOfSale": \{&
''            "office": \{&
''                "id": "BKK6X08AA", &
''                "iataNumber": "00771002", &
''                "systemCode": "6X", &
''                "agentType": "AIRLINE"&
''            \}, &
''            "login": \{&
''                "numericSign": "0447", &
''                "initials": "YG", &
''                "dutyCode": "SU", &
''                "countryCode": "TH", &
''                "cityCode": "BKK"&
''            \}&
''        \}&
''    \}, &
''    "lastModification": \{&
''        "dateTime": "2024-03-14T10:38:13Z"&
''    \}, &
''    "travelers": [&
''        \{&
''            "type": "stakeholder", &
''            "id": "MBZQ9M-2024-03-14-PNR-NM-1", &
''            "names": [&
''                \{&
''                    "firstName": "PMSV", &
''                    "lastName": "AVGQ"&
''                \}&
''            ], &
''            "contacts": [&
''                \{&
''                    "type": "contact", &
''                    "id": "MBZQ9M-2024-03-14-PNR-AP-2", &
''                    "ref": "processedPnr.contacts"&
''                \}&
''            ], &
''            "passenger": \{&
''                "uniqueIdentifier": "6109D32800004684"&
''            \}&
''        \}&
''    ], &
''    "products": [&
''        \{&
''            "type": "product", &
''            "subType": "SERVICE", &
''            "id": "MBZQ9M-2024-03-14-PNR-SVX-1", &
''            "service": \{&
''                "code": "GIFT", &
''                "subType": "MANUAL_AUXILIARY_SEGMENT", &
''                "serviceProvider": \{&
''                    "code": "6X"&
''                \}, &
''                "status": "HK", &
''                "nip": 1, &
''                "priceCategory": \{&
''                    "code": "F", &
''                    "subCode": "GFT"&
''                \}, &
''                "isChargeable": false, &
''                "paymentStatus": "EXEMPTED", &
''                "serviceFulfillment": \{&
''                    "expiryDate": "2024-09-13", &
''                    "location": "BDQ"&
''                \}&
''            \}, &
''            "travelers": [&
''                \{&
''                    "type": "stakeholder", &
''                    "id": "MBZQ9M-2024-03-14-PNR-NM-1", &
''                    "ref": "processedPnr.travelers"&
''                \}&
''            ]&
''        \}&
''    ], &
''    "contacts": [&
''        \{&
''            "type": "contact", &
''            "id": "MBZQ9M-2024-03-14-PNR-AP-2", &
''            "phone": \{&
''                "number": "OK"&
''            \}, &
''            "purpose": [&
''                "STANDARD"&
''            ], &
''            "travelerRefs": [&
''                \{&
''                    "type": "stakeholder", &
''                    "id": "MBZQ9M-2024-03-14-PNR-NM-1", &
''                    "ref": "processedPnr.travelers"&
''                \}&
''            ]&
''        \}&
''    ], &
''    "automatedProcesses": [&
''        \{&
''            "type": "automated-process", &
''            "id": "MBZQ9M-2024-03-14-PNR-TK-1", &
''            "code": "OK", &
''            "dateTime": "2024-03-14T00:00:00", &
''            "office": \{&
''                "id": "BKK6X08AA"&
''            \}, &
''            "travelers": [&
''                \{&
''                    "type": "stakeholder", &
''                    "id": "MBZQ9M-2024-03-14-PNR-NM-1", &
''                    "ref": "processedPnr.travelers"&
''                \}&
''            ]&
''        \}&
''    ]&
''\}
''End of response

''match:validate_openpnr(received_json)
''Conversation: cry

'**********************************************************************
' Sent at      11:38:13.925863 - 14 Mar 2024
' Filename     /mnt/c/Users/ygarnier/open_pnr_validation/Epic_DATALMP_11405_Additional_OpenPNR_fields_for_Order_Codeshare/Epic_DATALMP_11405_Additional_OpenPNR_fields_for_Order_Codeshare/Scripts/Products/Exempted_services/exempted_SVC_Retrieve.cry
' Message      14 -  . 
' Size         2 bytes
' Reply needed yes
'----------------------------------------------------------------------
XI

'**********************************************************************
' Received at  11:38:14.011026 - 14 Mar 2024
' Filename     /mnt/c/Users/ygarnier/open_pnr_validation/Epic_DATALMP_11405_Additional_OpenPNR_fields_for_Order_Codeshare/Epic_DATALMP_11405_Additional_OpenPNR_fields_for_Order_Codeshare/Scripts/Products/Exempted_services/exempted_SVC_Retrieve.cry
' Match        N/A
' Message      14 -  . 
' Size         24 bytes
'----------------------------------------------------------------------
''Response:
''NO TRANSACTION PRESENT&
''>
''End of response

'**********************************************************************
' Sent at      11:38:14.012293 - 14 Mar 2024
' Filename     /mnt/c/Users/ygarnier/open_pnr_validation/Epic_DATALMP_11405_Additional_OpenPNR_fields_for_Order_Codeshare/Epic_DATALMP_11405_Additional_OpenPNR_fields_for_Order_Codeshare/Scripts/Products/Exempted_services/exempted_SVC_Retrieve.cry
' Message      15 -  . 
' Size         2 bytes
' Reply needed yes
'----------------------------------------------------------------------
ET

'**********************************************************************
' Received at  11:38:14.101757 - 14 Mar 2024
' Filename     /mnt/c/Users/ygarnier/open_pnr_validation/Epic_DATALMP_11405_Additional_OpenPNR_fields_for_Order_Codeshare/Epic_DATALMP_11405_Additional_OpenPNR_fields_for_Order_Codeshare/Scripts/Products/Exempted_services/exempted_SVC_Retrieve.cry
' Match        N/A
' Message      15 -  . 
' Size         24 bytes
'----------------------------------------------------------------------
''Response:
''NO TRANSACTION PRESENT&
''>
''End of response

'**********************************************************************
' Sent at      11:38:14.102956 - 14 Mar 2024
' Filename     /mnt/c/Users/ygarnier/open_pnr_validation/Epic_DATALMP_11405_Additional_OpenPNR_fields_for_Order_Codeshare/Epic_DATALMP_11405_Additional_OpenPNR_fields_for_Order_Codeshare/Scripts/Products/Exempted_services/exempted_SVC_Retrieve.cry
' Message      16 -  . 
' Size         2 bytes
' Reply needed yes
'----------------------------------------------------------------------
IG

'**********************************************************************
' Received at  11:38:14.177139 - 14 Mar 2024
' Filename     /mnt/c/Users/ygarnier/open_pnr_validation/Epic_DATALMP_11405_Additional_OpenPNR_fields_for_Order_Codeshare/Epic_DATALMP_11405_Additional_OpenPNR_fields_for_Order_Codeshare/Scripts/Products/Exempted_services/exempted_SVC_Retrieve.cry
' Match        N/A
' Message      16 -  . 
' Size         9 bytes
'----------------------------------------------------------------------
''Response:
''IGNORED&
''>
''End of response

'**********************************************************************
' Sent at      11:38:14.178357 - 14 Mar 2024
' Filename     /mnt/c/Users/ygarnier/open_pnr_validation/Epic_DATALMP_11405_Additional_OpenPNR_fields_for_Order_Codeshare/Epic_DATALMP_11405_Additional_OpenPNR_fields_for_Order_Codeshare/Scripts/Products/Exempted_services/exempted_SVC_Retrieve.cry
' Message      17 -  . 
' Size         2 bytes
' Reply needed yes
'----------------------------------------------------------------------
JO

'**********************************************************************
' Received at  11:38:14.306602 - 14 Mar 2024
' Filename     /mnt/c/Users/ygarnier/open_pnr_validation/Epic_DATALMP_11405_Additional_OpenPNR_fields_for_Order_Codeshare/Epic_DATALMP_11405_Additional_OpenPNR_fields_for_Order_Codeshare/Scripts/Products/Exempted_services/exempted_SVC_Retrieve.cry
' Match        N/A
' Message      17 -  . 
' Size         387 bytes
'----------------------------------------------------------------------
''Response:
''&
''09CC2B44         NCE1A0950&
''&
''AREA  TM  MOD SG/DT.LG TIME      ACT.Q   STATUS     NAME&
''A                       24             NOT SIGNED&
''B                                      NOT SIGNED&
''C                                      NOT SIGNED&
''D                                      NOT SIGNED&
''E                                      NOT SIGNED&
''F                                      NOT SIGNED&
''>
''End of response

'**********************************************************************
' Sent at      11:38:14.308219 - 14 Mar 2024
' Filename     /mnt/c/Users/ygarnier/open_pnr_validation/Epic_DATALMP_11405_Additional_OpenPNR_fields_for_Order_Codeshare/Epic_DATALMP_11405_Additional_OpenPNR_fields_for_Order_Codeshare/Scripts/Products/Exempted_services/exempted_SVC_Retrieve.cry
' Message      18 -  . 
' Size         2 bytes
' Reply needed yes
'----------------------------------------------------------------------
JD

'**********************************************************************
' Received at  11:38:14.377891 - 14 Mar 2024
' Filename     /mnt/c/Users/ygarnier/open_pnr_validation/Epic_DATALMP_11405_Additional_OpenPNR_fields_for_Order_Codeshare/Epic_DATALMP_11405_Additional_OpenPNR_fields_for_Order_Codeshare/Scripts/Products/Exempted_services/exempted_SVC_Retrieve.cry
' Match        N/A
' Message      18 -  . 
' Size         387 bytes
'----------------------------------------------------------------------
''Response:
''&
''09CC2B44         NCE1A0950&
''&
''AREA  TM  MOD SG/DT.LG TIME      ACT.Q   STATUS     NAME&
''A                       24             NOT SIGNED&
''B                                      NOT SIGNED&
''C                                      NOT SIGNED&
''D                                      NOT SIGNED&
''E                                      NOT SIGNED&
''F                                      NOT SIGNED&
''>
''End of response


'----------------------------------------------------------------------
' Statistics
'----------------------------------------------------------------------
' Messages in          : 18
' Bytes in             : 0Mb 6Kb 578b
' Messages out         : 18
' Bytes out            : 0Mb 1Kb 914b

' Conversations        : 4
' Transactions         : 18
' Transactions parsed  : 18
' Ratio                : 1

' Total duration       : 0h 0min 4s 167.5ms
' Parse duration       : 0h 0min 0s 1.151ms (0 %)
' Wait duration        : 0h 0min 2s 115.315ms (50 %)
' Transactions/s       : 4 TPS

' Number of Timeouts   : 0
' Messages compared    : 4
' Errors found         : 0
' Python errors found         : 0
' No match counter     : 0
